Using pre-set license
Built from '2020.3/staging' branch; Version is '2020.3.0f1 (c7b5465681fb) revision 13088070'; Using compiler version '192528614'; Build Type 'Release'
OS: 'Windows 10 Home; OS build 19042.928; Version 2009; 64bit' Language: 'en' Physical Memory: 16281 MB
BatchMode: 1, IsHumanControllingUs: 0, StartBugReporterOnCrash: 0, Is64bit: 1, IsPro: 0

 COMMAND LINE ARGUMENTS:
C:\Program Files\Unity\Hub\Editor\2020.3.0f1\Editor\Unity.exe
-adb2
-batchMode
-noUpm
-name
AssetImportWorker1
-projectPath
C:/Users/Joshu/Documents/GitHub/March-RPG/March-RPG
-logFile
Logs/AssetImportWorker1.log
-srvPort
57593
Successfully changed project path to: C:/Users/Joshu/Documents/GitHub/March-RPG/March-RPG
C:/Users/Joshu/Documents/GitHub/March-RPG/March-RPG
Using Asset Import Pipeline V2.
Refreshing native plugins compatible for Editor in 2023.92 ms, found 1 plugins.
Preloading 0 native plugins for Editor in 0.00 ms.
Initialize engine version: 2020.3.0f1 (c7b5465681fb)
[Subsystems] Discovering subsystems at path C:/Program Files/Unity/Hub/Editor/2020.3.0f1/Editor/Data/Resources/UnitySubsystems
[Subsystems] Discovering subsystems at path C:/Users/Joshu/Documents/GitHub/March-RPG/March-RPG/Assets
GfxDevice: creating device client; threaded=0
Direct3D:
    Version:  Direct3D 11.0 [level 11.1]
    Renderer: NVIDIA GeForce GTX 960 (ID=0x1401)
    Vendor:   
    VRAM:     4053 MB
    Driver:   27.21.14.6172
Initialize mono
Mono path[0] = 'C:/Program Files/Unity/Hub/Editor/2020.3.0f1/Editor/Data/Managed'
Mono path[1] = 'C:/Program Files/Unity/Hub/Editor/2020.3.0f1/Editor/Data/MonoBleedingEdge/lib/mono/unityjit'
Mono config path = 'C:/Program Files/Unity/Hub/Editor/2020.3.0f1/Editor/Data/MonoBleedingEdge/etc'
Using monoOptions --debugger-agent=transport=dt_socket,embedding=1,server=y,suspend=n,address=127.0.0.1:56316
Begin MonoManager ReloadAssembly
Registering precompiled unity dll's ...
Register platform support module: C:/Program Files/Unity/Hub/Editor/2020.3.0f1/Editor/Data/PlaybackEngines/WindowsStandaloneSupport/UnityEditor.WindowsStandalone.Extensions.dll
Registered in 0.004397 seconds.
Native extension for WindowsStandalone target not found
Refreshing native plugins compatible for Editor in 179.72 ms, found 1 plugins.
Preloading 0 native plugins for Editor in 0.00 ms.
Invoked RoslynAnalysisRunner static constructor.
RoslynAnalysisRunner will not be running.
RoslynAnalysisRunner has terminated.
Mono: successfully reloaded assembly
- Completed reload, in  3.126 seconds
Platform modules already initialized, skipping
Registering precompiled user dll's ...
Registered in 0.007881 seconds.
Begin MonoManager ReloadAssembly
Native extension for WindowsStandalone target not found
Refreshing native plugins compatible for Editor in 0.81 ms, found 1 plugins.
Preloading 0 native plugins for Editor in 0.00 ms.
Invoked RoslynAnalysisRunner static constructor.
RoslynAnalysisRunner will not be running.
RoslynAnalysisRunner has terminated.
Mono: successfully reloaded assembly
- Completed reload, in  3.170 seconds
Platform modules already initialized, skipping
========================================================================
Worker process is ready to serve import requests
Launched and connected shader compiler UnityShaderCompiler.exe after 0.68 seconds
Refreshing native plugins compatible for Editor in 1.14 ms, found 1 plugins.
Preloading 0 native plugins for Editor in 0.00 ms.
Unloading 2872 Unused Serialized files (Serialized files now loaded: 0)
System memory in use before: 128.7 MB.
System memory in use after: 128.9 MB.

Unloading 13 unused Assets to reduce memory usage. Loaded Objects now: 3347.
Total: 4.371400 ms (FindLiveObjects: 0.682500 ms CreateObjectMapping: 0.343200 ms MarkObjects: 3.302400 ms  DeleteObjects: 0.041100 ms)

========================================================================
Received Import Request.
  path: Assets/Scripts/Inventory/UI/InventoryGUISlot.cs
  artifactKey: Guid(a986861a5e485b64db9682df3d6caffc) Importer(815301076,1909f56bfc062723c751e8b465ee728b)
Start importing Assets/Scripts/Inventory/UI/InventoryGUISlot.cs using Guid(a986861a5e485b64db9682df3d6caffc) Importer(815301076,1909f56bfc062723c751e8b465ee728b)  -> (artifact id: 'feea70f981e39dcdba5a646953dcd72a') in 0.042208 seconds
  Import took 0.055996 seconds .

========================================================================
Received Import Request.
  Time since last request: 11.226186 seconds.
  path: Assets/Scripts/Inventory/UI/InventoryGUISlot.cs
  artifactKey: Guid(a986861a5e485b64db9682df3d6caffc) Importer(815301076,1909f56bfc062723c751e8b465ee728b)
Start importing Assets/Scripts/Inventory/UI/InventoryGUISlot.cs using Guid(a986861a5e485b64db9682df3d6caffc) Importer(815301076,1909f56bfc062723c751e8b465ee728b)  -> (artifact id: '75e5dde189306e2f739d930c0a40be89') in 0.018007 seconds
  Import took 0.029492 seconds .

========================================================================
Received Import Request.
  Time since last request: 13.097555 seconds.
  path: Assets/Scripts/Inventory/UI/InventoryGUISlot.cs
  artifactKey: Guid(a986861a5e485b64db9682df3d6caffc) Importer(815301076,1909f56bfc062723c751e8b465ee728b)
Start importing Assets/Scripts/Inventory/UI/InventoryGUISlot.cs using Guid(a986861a5e485b64db9682df3d6caffc) Importer(815301076,1909f56bfc062723c751e8b465ee728b)  -> (artifact id: '6dce52cc8db7e88f593f1af6d3db9abd') in 0.079794 seconds
  Import took 0.111317 seconds .

========================================================================
Received Prepare
Registering precompiled user dll's ...
Registered in 0.007763 seconds.
Begin MonoManager ReloadAssembly
Native extension for WindowsStandalone target not found
Refreshing native plugins compatible for Editor in 0.68 ms, found 1 plugins.
Preloading 0 native plugins for Editor in 0.00 ms.
Invoked RoslynAnalysisRunner static constructor.
RoslynAnalysisRunner will not be running.
RoslynAnalysisRunner has terminated.
Mono: successfully reloaded assembly
- Completed reload, in  2.055 seconds
Platform modules already initialized, skipping
Refreshing native plugins compatible for Editor in 4.04 ms, found 1 plugins.
Preloading 0 native plugins for Editor in 0.00 ms.
Unloading 2816 Unused Serialized files (Serialized files now loaded: 0)
System memory in use before: 124.7 MB.
System memory in use after: 124.9 MB.

Unloading 9 unused Assets to reduce memory usage. Loaded Objects now: 3350.
Total: 2.586400 ms (FindLiveObjects: 0.365400 ms CreateObjectMapping: 0.217100 ms MarkObjects: 1.980800 ms  DeleteObjects: 0.021500 ms)

========================================================================
Received Prepare
Registering precompiled user dll's ...
Registered in 0.008146 seconds.
Begin MonoManager ReloadAssembly
Native extension for WindowsStandalone target not found
Refreshing native plugins compatible for Editor in 1.03 ms, found 1 plugins.
Preloading 0 native plugins for Editor in 0.00 ms.
Invoked RoslynAnalysisRunner static constructor.
RoslynAnalysisRunner will not be running.
RoslynAnalysisRunner has terminated.
Mono: successfully reloaded assembly
- Completed reload, in  3.920 seconds
Platform modules already initialized, skipping
Refreshing native plugins compatible for Editor in 1.47 ms, found 1 plugins.
Preloading 0 native plugins for Editor in 0.00 ms.
Unloading 2816 Unused Serialized files (Serialized files now loaded: 0)
System memory in use before: 124.7 MB.
System memory in use after: 125.0 MB.

Unloading 9 unused Assets to reduce memory usage. Loaded Objects now: 3353.
Total: 2.559300 ms (FindLiveObjects: 0.288900 ms CreateObjectMapping: 0.156700 ms MarkObjects: 2.084200 ms  DeleteObjects: 0.027500 ms)

========================================================================
Received Import Request.
  Time since last request: 165.515979 seconds.
  path: Assets/Scripts/Inventory/UI/InventoryGUISlot.cs
  artifactKey: Guid(a986861a5e485b64db9682df3d6caffc) Importer(815301076,1909f56bfc062723c751e8b465ee728b)
Start importing Assets/Scripts/Inventory/UI/InventoryGUISlot.cs using Guid(a986861a5e485b64db9682df3d6caffc) Importer(815301076,1909f56bfc062723c751e8b465ee728b)  -> (artifact id: 'd5ce2cca5ba572277a6cdcf94d8c6dde') in 0.015098 seconds
  Import took 0.023905 seconds .

========================================================================
Received Import Request.
  Time since last request: 3.079009 seconds.
  path: Assets/Scripts/Inventory/UI/InventoryGUISlot.cs
  artifactKey: Guid(a986861a5e485b64db9682df3d6caffc) Importer(815301076,1909f56bfc062723c751e8b465ee728b)
Start importing Assets/Scripts/Inventory/UI/InventoryGUISlot.cs using Guid(a986861a5e485b64db9682df3d6caffc) Importer(815301076,1909f56bfc062723c751e8b465ee728b)  -> (artifact id: 'd5ce2cca5ba572277a6cdcf94d8c6dde') in 0.020957 seconds
  Import took 0.058459 seconds .

========================================================================
Received Prepare
Registering precompiled user dll's ...
Registered in 0.020288 seconds.
Begin MonoManager ReloadAssembly
Native extension for WindowsStandalone target not found
Refreshing native plugins compatible for Editor in 0.82 ms, found 1 plugins.
Preloading 0 native plugins for Editor in 0.00 ms.
Invoked RoslynAnalysisRunner static constructor.
RoslynAnalysisRunner will not be running.
RoslynAnalysisRunner has terminated.
Mono: successfully reloaded assembly
- Completed reload, in  3.340 seconds
Platform modules already initialized, skipping
Refreshing native plugins compatible for Editor in 1.06 ms, found 1 plugins.
Preloading 0 native plugins for Editor in 0.00 ms.
Unloading 2816 Unused Serialized files (Serialized files now loaded: 0)
System memory in use before: 124.8 MB.
System memory in use after: 125.0 MB.

Unloading 9 unused Assets to reduce memory usage. Loaded Objects now: 3356.
Total: 7.097600 ms (FindLiveObjects: 0.436200 ms CreateObjectMapping: 0.154700 ms MarkObjects: 6.476800 ms  DeleteObjects: 0.028000 ms)

========================================================================
Received Prepare
Registering precompiled user dll's ...
Registered in 0.005727 seconds.
Begin MonoManager ReloadAssembly
Native extension for WindowsStandalone target not found
Refreshing native plugins compatible for Editor in 1.57 ms, found 1 plugins.
Preloading 0 native plugins for Editor in 0.00 ms.
Invoked RoslynAnalysisRunner static constructor.
RoslynAnalysisRunner will not be running.
RoslynAnalysisRunner has terminated.
Mono: successfully reloaded assembly
- Completed reload, in  2.441 seconds
Platform modules already initialized, skipping
Refreshing native plugins compatible for Editor in 0.72 ms, found 1 plugins.
Preloading 0 native plugins for Editor in 0.00 ms.
Unloading 2816 Unused Serialized files (Serialized files now loaded: 0)
System memory in use before: 124.8 MB.
System memory in use after: 125.0 MB.

Unloading 9 unused Assets to reduce memory usage. Loaded Objects now: 3359.
Total: 4.499800 ms (FindLiveObjects: 0.447000 ms CreateObjectMapping: 0.523000 ms MarkObjects: 3.505000 ms  DeleteObjects: 0.022000 ms)

========================================================================
Received Prepare
Registering precompiled user dll's ...
Registered in 0.007406 seconds.
Begin MonoManager ReloadAssembly
Native extension for WindowsStandalone target not found
Refreshing native plugins compatible for Editor in 0.80 ms, found 1 plugins.
Preloading 0 native plugins for Editor in 0.00 ms.
Invoked RoslynAnalysisRunner static constructor.
RoslynAnalysisRunner will not be running.
RoslynAnalysisRunner has terminated.
Mono: successfully reloaded assembly
- Completed reload, in  2.574 seconds
Platform modules already initialized, skipping
Refreshing native plugins compatible for Editor in 0.99 ms, found 1 plugins.
Preloading 0 native plugins for Editor in 0.00 ms.
Unloading 2816 Unused Serialized files (Serialized files now loaded: 0)
System memory in use before: 124.8 MB.
System memory in use after: 125.0 MB.

Unloading 9 unused Assets to reduce memory usage. Loaded Objects now: 3362.
Total: 4.287500 ms (FindLiveObjects: 1.702400 ms CreateObjectMapping: 0.316900 ms MarkObjects: 2.240500 ms  DeleteObjects: 0.025000 ms)

========================================================================
Received Prepare
Registering precompiled user dll's ...
Registered in 0.037188 seconds.
Begin MonoManager ReloadAssembly
Native extension for WindowsStandalone target not found
Refreshing native plugins compatible for Editor in 0.68 ms, found 1 plugins.
Preloading 0 native plugins for Editor in 0.00 ms.
Invoked RoslynAnalysisRunner static constructor.
RoslynAnalysisRunner will not be running.
RoslynAnalysisRunner has terminated.
Mono: successfully reloaded assembly
- Completed reload, in  1.411 seconds
Platform modules already initialized, skipping
Refreshing native plugins compatible for Editor in 2.78 ms, found 1 plugins.
Preloading 0 native plugins for Editor in 0.00 ms.
Unloading 2816 Unused Serialized files (Serialized files now loaded: 0)
System memory in use before: 124.8 MB.
System memory in use after: 125.0 MB.

Unloading 9 unused Assets to reduce memory usage. Loaded Objects now: 3365.
Total: 16.064500 ms (FindLiveObjects: 0.609300 ms CreateObjectMapping: 2.187900 ms MarkObjects: 12.756600 ms  DeleteObjects: 0.508000 ms)

========================================================================
Received Prepare
Registering precompiled user dll's ...
Registered in 0.008027 seconds.
Begin MonoManager ReloadAssembly
Native extension for WindowsStandalone target not found
Refreshing native plugins compatible for Editor in 1.18 ms, found 1 plugins.
Preloading 0 native plugins for Editor in 0.00 ms.
Invoked RoslynAnalysisRunner static constructor.
RoslynAnalysisRunner will not be running.
RoslynAnalysisRunner has terminated.
Mono: successfully reloaded assembly
- Completed reload, in  3.037 seconds
Platform modules already initialized, skipping
Refreshing native plugins compatible for Editor in 1.56 ms, found 1 plugins.
Preloading 0 native plugins for Editor in 0.00 ms.
Unloading 2816 Unused Serialized files (Serialized files now loaded: 0)
System memory in use before: 124.8 MB.
System memory in use after: 125.0 MB.

Unloading 9 unused Assets to reduce memory usage. Loaded Objects now: 3368.
Total: 10.198300 ms (FindLiveObjects: 0.524300 ms CreateObjectMapping: 0.509200 ms MarkObjects: 9.121300 ms  DeleteObjects: 0.040800 ms)

========================================================================
Received Prepare
Registering precompiled user dll's ...
Registered in 0.004295 seconds.
Begin MonoManager ReloadAssembly
Native extension for WindowsStandalone target not found
Refreshing native plugins compatible for Editor in 2.34 ms, found 1 plugins.
Preloading 0 native plugins for Editor in 0.00 ms.
Invoked RoslynAnalysisRunner static constructor.
RoslynAnalysisRunner will not be running.
RoslynAnalysisRunner has terminated.
Mono: successfully reloaded assembly
- Completed reload, in  1.969 seconds
Platform modules already initialized, skipping
Refreshing native plugins compatible for Editor in 0.90 ms, found 1 plugins.
Preloading 0 native plugins for Editor in 0.00 ms.
Unloading 2816 Unused Serialized files (Serialized files now loaded: 0)
System memory in use before: 124.8 MB.
System memory in use after: 125.0 MB.

Unloading 9 unused Assets to reduce memory usage. Loaded Objects now: 3371.
Total: 4.081400 ms (FindLiveObjects: 0.577900 ms CreateObjectMapping: 0.787500 ms MarkObjects: 2.688400 ms  DeleteObjects: 0.025200 ms)

========================================================================
Received Prepare
Registering precompiled user dll's ...
Registered in 0.015597 seconds.
Begin MonoManager ReloadAssembly
Native extension for WindowsStandalone target not found
Refreshing native plugins compatible for Editor in 0.71 ms, found 1 plugins.
Preloading 0 native plugins for Editor in 0.00 ms.
Invoked RoslynAnalysisRunner static constructor.
RoslynAnalysisRunner will not be running.
RoslynAnalysisRunner has terminated.
Mono: successfully reloaded assembly
- Completed reload, in  2.359 seconds
Platform modules already initialized, skipping
Refreshing native plugins compatible for Editor in 0.74 ms, found 1 plugins.
Preloading 0 native plugins for Editor in 0.00 ms.
Unloading 2816 Unused Serialized files (Serialized files now loaded: 0)
System memory in use before: 124.8 MB.
System memory in use after: 125.1 MB.

Unloading 9 unused Assets to reduce memory usage. Loaded Objects now: 3374.
Total: 5.857900 ms (FindLiveObjects: 1.886700 ms CreateObjectMapping: 0.557300 ms MarkObjects: 3.376300 ms  DeleteObjects: 0.034600 ms)

========================================================================
Received Prepare
Registering precompiled user dll's ...
Registered in 0.004227 seconds.
Begin MonoManager ReloadAssembly
Native extension for WindowsStandalone target not found
Refreshing native plugins compatible for Editor in 2.89 ms, found 1 plugins.
Preloading 0 native plugins for Editor in 0.00 ms.
Invoked RoslynAnalysisRunner static constructor.
RoslynAnalysisRunner will not be running.
RoslynAnalysisRunner has terminated.
Mono: successfully reloaded assembly
- Completed reload, in  1.508 seconds
Platform modules already initialized, skipping
Refreshing native plugins compatible for Editor in 1.07 ms, found 1 plugins.
Preloading 0 native plugins for Editor in 0.00 ms.
Unloading 2816 Unused Serialized files (Serialized files now loaded: 0)
System memory in use before: 124.8 MB.
System memory in use after: 125.1 MB.

Unloading 9 unused Assets to reduce memory usage. Loaded Objects now: 3377.
Total: 4.842600 ms (FindLiveObjects: 0.393200 ms CreateObjectMapping: 0.702800 ms MarkObjects: 3.716700 ms  DeleteObjects: 0.027500 ms)

========================================================================
Received Prepare
Registering precompiled user dll's ...
Registered in 0.008981 seconds.
Begin MonoManager ReloadAssembly
Native extension for WindowsStandalone target not found
Refreshing native plugins compatible for Editor in 0.83 ms, found 1 plugins.
Preloading 0 native plugins for Editor in 0.00 ms.
Invoked RoslynAnalysisRunner static constructor.
RoslynAnalysisRunner will not be running.
RoslynAnalysisRunner has terminated.
Mono: successfully reloaded assembly
- Completed reload, in  1.383 seconds
Platform modules already initialized, skipping
Refreshing native plugins compatible for Editor in 0.76 ms, found 1 plugins.
Preloading 0 native plugins for Editor in 0.00 ms.
Unloading 2816 Unused Serialized files (Serialized files now loaded: 0)
System memory in use before: 124.8 MB.
System memory in use after: 125.1 MB.

Unloading 9 unused Assets to reduce memory usage. Loaded Objects now: 3380.
Total: 3.204000 ms (FindLiveObjects: 0.435200 ms CreateObjectMapping: 0.313400 ms MarkObjects: 2.433500 ms  DeleteObjects: 0.020000 ms)

========================================================================
Received Prepare
Registering precompiled user dll's ...
Registered in 0.010216 seconds.
Begin MonoManager ReloadAssembly
Native extension for WindowsStandalone target not found
Refreshing native plugins compatible for Editor in 1.61 ms, found 1 plugins.
Preloading 0 native plugins for Editor in 0.00 ms.
Invoked RoslynAnalysisRunner static constructor.
RoslynAnalysisRunner will not be running.
RoslynAnalysisRunner has terminated.
Mono: successfully reloaded assembly
- Completed reload, in  3.510 seconds
Platform modules already initialized, skipping
Refreshing native plugins compatible for Editor in 1.99 ms, found 1 plugins.
Preloading 0 native plugins for Editor in 0.00 ms.
Unloading 2816 Unused Serialized files (Serialized files now loaded: 0)
System memory in use before: 124.8 MB.
System memory in use after: 125.1 MB.

Unloading 9 unused Assets to reduce memory usage. Loaded Objects now: 3383.
Total: 2.938900 ms (FindLiveObjects: 0.548900 ms CreateObjectMapping: 0.209000 ms MarkObjects: 2.158100 ms  DeleteObjects: 0.021100 ms)

========================================================================
Received Prepare
Registering precompiled user dll's ...
Registered in 0.012938 seconds.
Begin MonoManager ReloadAssembly
Native extension for WindowsStandalone target not found
Refreshing native plugins compatible for Editor in 1.24 ms, found 1 plugins.
Preloading 0 native plugins for Editor in 0.00 ms.
Invoked RoslynAnalysisRunner static constructor.
RoslynAnalysisRunner will not be running.
RoslynAnalysisRunner has terminated.
Mono: successfully reloaded assembly
- Completed reload, in  1.758 seconds
Platform modules already initialized, skipping
Refreshing native plugins compatible for Editor in 3.31 ms, found 1 plugins.
Preloading 0 native plugins for Editor in 0.00 ms.
Unloading 2816 Unused Serialized files (Serialized files now loaded: 0)
System memory in use before: 124.9 MB.
System memory in use after: 125.1 MB.

Unloading 9 unused Assets to reduce memory usage. Loaded Objects now: 3386.
Total: 11.584000 ms (FindLiveObjects: 0.605800 ms CreateObjectMapping: 3.776100 ms MarkObjects: 7.174000 ms  DeleteObjects: 0.025900 ms)

========================================================================
Received Prepare
Registering precompiled user dll's ...
Registered in 0.013324 seconds.
Begin MonoManager ReloadAssembly
Native extension for WindowsStandalone target not found
Refreshing native plugins compatible for Editor in 9.10 ms, found 1 plugins.
Preloading 0 native plugins for Editor in 0.00 ms.
Invoked RoslynAnalysisRunner static constructor.
RoslynAnalysisRunner will not be running.
RoslynAnalysisRunner has terminated.
Mono: successfully reloaded assembly
- Completed reload, in  5.848 seconds
Platform modules already initialized, skipping
Refreshing native plugins compatible for Editor in 1.04 ms, found 1 plugins.
Preloading 0 native plugins for Editor in 0.00 ms.
Unloading 2816 Unused Serialized files (Serialized files now loaded: 0)
System memory in use before: 124.9 MB.
System memory in use after: 125.1 MB.

Unloading 9 unused Assets to reduce memory usage. Loaded Objects now: 3389.
Total: 27.152900 ms (FindLiveObjects: 6.013100 ms CreateObjectMapping: 3.689200 ms MarkObjects: 17.425800 ms  DeleteObjects: 0.022300 ms)

========================================================================
Received Prepare
Registering precompiled user dll's ...
Registered in 0.015096 seconds.
Begin MonoManager ReloadAssembly
Native extension for WindowsStandalone target not found
Refreshing native plugins compatible for Editor in 0.70 ms, found 1 plugins.
Preloading 0 native plugins for Editor in 0.00 ms.
Invoked RoslynAnalysisRunner static constructor.
RoslynAnalysisRunner will not be running.
RoslynAnalysisRunner has terminated.
Mono: successfully reloaded assembly
- Completed reload, in  3.944 seconds
Platform modules already initialized, skipping
Refreshing native plugins compatible for Editor in 1.93 ms, found 1 plugins.
Preloading 0 native plugins for Editor in 0.00 ms.
Unloading 2816 Unused Serialized files (Serialized files now loaded: 0)
System memory in use before: 124.9 MB.
System memory in use after: 125.1 MB.

Unloading 9 unused Assets to reduce memory usage. Loaded Objects now: 3392.
Total: 21.279000 ms (FindLiveObjects: 1.677200 ms CreateObjectMapping: 1.009400 ms MarkObjects: 18.384800 ms  DeleteObjects: 0.203200 ms)

========================================================================
Received Import Request.
  Time since last request: 41138.415597 seconds.
  path: Assets/Prefabs/Mouse Hover Panel.prefab
  artifactKey: Guid(267ba16ace4839c4fb5e1b6296b67be6) Importer(815301076,1909f56bfc062723c751e8b465ee728b)
Start importing Assets/Prefabs/Mouse Hover Panel.prefab using Guid(267ba16ace4839c4fb5e1b6296b67be6) Importer(815301076,1909f56bfc062723c751e8b465ee728b)  -> (artifact id: '02b832a051e194fb81af6b02a183d08b') in 0.134228 seconds
  Import took 0.141777 seconds .

========================================================================
Received Import Request.
  Time since last request: 15.802286 seconds.
  path: Assets/Scripts/Inventory/UI/NewBehaviourScript.cs
  artifactKey: Guid(38b9b5df33a8ff946baab921a78105ec) Importer(815301076,1909f56bfc062723c751e8b465ee728b)
Start importing Assets/Scripts/Inventory/UI/NewBehaviourScript.cs using Guid(38b9b5df33a8ff946baab921a78105ec) Importer(815301076,1909f56bfc062723c751e8b465ee728b)  -> (artifact id: 'aaba09f4bd8205dcd338e14ff100928d') in 0.080628 seconds
  Import took 0.154832 seconds .

========================================================================
Received Prepare
Registering precompiled user dll's ...
Registered in 0.006796 seconds.
Begin MonoManager ReloadAssembly
Native extension for WindowsStandalone target not found
Refreshing native plugins compatible for Editor in 0.81 ms, found 1 plugins.
Preloading 0 native plugins for Editor in 0.00 ms.
Invoked RoslynAnalysisRunner static constructor.
RoslynAnalysisRunner will not be running.
RoslynAnalysisRunner has terminated.
Mono: successfully reloaded assembly
- Completed reload, in  5.193 seconds
Platform modules already initialized, skipping
Refreshing native plugins compatible for Editor in 1.48 ms, found 1 plugins.
Preloading 0 native plugins for Editor in 0.00 ms.
Unloading 2817 Unused Serialized files (Serialized files now loaded: 0)
System memory in use before: 124.9 MB.
System memory in use after: 125.1 MB.

Unloading 10 unused Assets to reduce memory usage. Loaded Objects now: 3396.
Total: 3.132700 ms (FindLiveObjects: 0.307700 ms CreateObjectMapping: 0.143300 ms MarkObjects: 2.633500 ms  DeleteObjects: 0.046500 ms)

========================================================================
Received Prepare
Registering precompiled user dll's ...
Registered in 0.020535 seconds.
Begin MonoManager ReloadAssembly
Native extension for WindowsStandalone target not found
Refreshing native plugins compatible for Editor in 0.85 ms, found 1 plugins.
Preloading 0 native plugins for Editor in 0.00 ms.
Invoked RoslynAnalysisRunner static constructor.
RoslynAnalysisRunner will not be running.
RoslynAnalysisRunner has terminated.
Mono: successfully reloaded assembly
- Completed reload, in  4.880 seconds
Platform modules already initialized, skipping
Refreshing native plugins compatible for Editor in 0.82 ms, found 1 plugins.
Preloading 0 native plugins for Editor in 0.00 ms.
Unloading 2816 Unused Serialized files (Serialized files now loaded: 0)
System memory in use before: 124.9 MB.
System memory in use after: 125.1 MB.

Unloading 10 unused Assets to reduce memory usage. Loaded Objects now: 3398.
Total: 2.973900 ms (FindLiveObjects: 0.480700 ms CreateObjectMapping: 0.227300 ms MarkObjects: 2.236100 ms  DeleteObjects: 0.027300 ms)

========================================================================
Received Import Request.
  Time since last request: 43.756327 seconds.
  path: Assets/Scripts/Inventory/UI/GotItemCard.cs
  artifactKey: Guid(b2aa22a5ecdc9744bb81b5878b8e4d0b) Importer(815301076,1909f56bfc062723c751e8b465ee728b)
Start importing Assets/Scripts/Inventory/UI/GotItemCard.cs using Guid(b2aa22a5ecdc9744bb81b5878b8e4d0b) Importer(815301076,1909f56bfc062723c751e8b465ee728b)  -> (artifact id: 'f1688ae20b218adbb1fd58abb1d04513') in 0.015087 seconds
  Import took 0.022142 seconds .

========================================================================
Received Import Request.
  Time since last request: 10.257649 seconds.
  path: Assets/Scripts/Inventory/UI/Mouse Hover Panel.cs
  artifactKey: Guid(b4c95c5ac9e0c024aa517e8c875d4b0e) Importer(815301076,1909f56bfc062723c751e8b465ee728b)
Start importing Assets/Scripts/Inventory/UI/Mouse Hover Panel.cs using Guid(b4c95c5ac9e0c024aa517e8c875d4b0e) Importer(815301076,1909f56bfc062723c751e8b465ee728b)  -> (artifact id: '2d33252abd787c8be2b964329cb74e8d') in 0.029948 seconds
  Import took 0.063018 seconds .

========================================================================
Received Prepare
Registering precompiled user dll's ...
Registered in 0.009144 seconds.
Begin MonoManager ReloadAssembly
Native extension for WindowsStandalone target not found
Refreshing native plugins compatible for Editor in 0.92 ms, found 1 plugins.
Preloading 0 native plugins for Editor in 0.00 ms.
Invoked RoslynAnalysisRunner static constructor.
RoslynAnalysisRunner will not be running.
RoslynAnalysisRunner has terminated.
Mono: successfully reloaded assembly
- Completed reload, in  3.065 seconds
Platform modules already initialized, skipping
Refreshing native plugins compatible for Editor in 3.16 ms, found 1 plugins.
Preloading 0 native plugins for Editor in 0.00 ms.
Unloading 2817 Unused Serialized files (Serialized files now loaded: 0)
System memory in use before: 124.9 MB.
System memory in use after: 125.1 MB.

Unloading 9 unused Assets to reduce memory usage. Loaded Objects now: 3402.
Total: 3.522400 ms (FindLiveObjects: 0.665500 ms CreateObjectMapping: 0.265500 ms MarkObjects: 2.565500 ms  DeleteObjects: 0.023600 ms)

========================================================================
Received Import Request.
  Time since last request: 15.029827 seconds.
  path: Assets/Scripts/Inventory/UI/MouseHoverPanel.cs
  artifactKey: Guid(b4c95c5ac9e0c024aa517e8c875d4b0e) Importer(815301076,1909f56bfc062723c751e8b465ee728b)
Start importing Assets/Scripts/Inventory/UI/MouseHoverPanel.cs using Guid(b4c95c5ac9e0c024aa517e8c875d4b0e) Importer(815301076,1909f56bfc062723c751e8b465ee728b)  -> (artifact id: '68372afdbe7e895d923ef572d3bc2e69') in 0.053995 seconds
  Import took 0.078093 seconds .

========================================================================
Received Prepare
Registering precompiled user dll's ...
Registered in 0.030674 seconds.
Begin MonoManager ReloadAssembly
Native extension for WindowsStandalone target not found
Refreshing native plugins compatible for Editor in 3.64 ms, found 1 plugins.
Preloading 0 native plugins for Editor in 0.00 ms.
Invoked RoslynAnalysisRunner static constructor.
RoslynAnalysisRunner will not be running.
RoslynAnalysisRunner has terminated.
Mono: successfully reloaded assembly
- Completed reload, in  3.286 seconds
Platform modules already initialized, skipping
Refreshing native plugins compatible for Editor in 0.72 ms, found 1 plugins.
Preloading 0 native plugins for Editor in 0.00 ms.
Unloading 2817 Unused Serialized files (Serialized files now loaded: 0)
System memory in use before: 124.9 MB.
System memory in use after: 125.1 MB.

Unloading 9 unused Assets to reduce memory usage. Loaded Objects now: 3405.
Total: 3.867500 ms (FindLiveObjects: 0.633600 ms CreateObjectMapping: 0.605300 ms MarkObjects: 2.600700 ms  DeleteObjects: 0.025600 ms)

========================================================================
Received Prepare
Registering precompiled user dll's ...
Registered in 0.006772 seconds.
Begin MonoManager ReloadAssembly
Native extension for WindowsStandalone target not found
Refreshing native plugins compatible for Editor in 0.69 ms, found 1 plugins.
Preloading 0 native plugins for Editor in 0.00 ms.
Invoked RoslynAnalysisRunner static constructor.
RoslynAnalysisRunner will not be running.
RoslynAnalysisRunner has terminated.
Mono: successfully reloaded assembly
- Completed reload, in  1.818 seconds
Platform modules already initialized, skipping
Refreshing native plugins compatible for Editor in 0.74 ms, found 1 plugins.
Preloading 0 native plugins for Editor in 0.00 ms.
Unloading 2817 Unused Serialized files (Serialized files now loaded: 0)
System memory in use before: 124.9 MB.
System memory in use after: 125.1 MB.

Unloading 9 unused Assets to reduce memory usage. Loaded Objects now: 3408.
Total: 3.004200 ms (FindLiveObjects: 0.645200 ms CreateObjectMapping: 0.227100 ms MarkObjects: 2.099800 ms  DeleteObjects: 0.029500 ms)

========================================================================
Received Import Request.
  Time since last request: 203.718688 seconds.
  path: Assets/Prefabs/Mouse Hover Panel.prefab
  artifactKey: Guid(267ba16ace4839c4fb5e1b6296b67be6) Importer(815301076,1909f56bfc062723c751e8b465ee728b)
Start importing Assets/Prefabs/Mouse Hover Panel.prefab using Guid(267ba16ace4839c4fb5e1b6296b67be6) Importer(815301076,1909f56bfc062723c751e8b465ee728b)  -> (artifact id: '806709df90996f3b32cce0ae54a03a71') in 0.063910 seconds
  Import took 0.071499 seconds .

========================================================================
Received Import Request.
  Time since last request: 0.000246 seconds.
  path: Assets/Scripts/Inventory/UI/MouseHoverPanel.cs
  artifactKey: Guid(b4c95c5ac9e0c024aa517e8c875d4b0e) Importer(815301076,1909f56bfc062723c751e8b465ee728b)
Start importing Assets/Scripts/Inventory/UI/MouseHoverPanel.cs using Guid(b4c95c5ac9e0c024aa517e8c875d4b0e) Importer(815301076,1909f56bfc062723c751e8b465ee728b)  -> (artifact id: 'e0c069a68d405bece8692bca9e48e6b8') in 0.018771 seconds
  Import took 0.028216 seconds .

========================================================================
Received Import Request.
  Time since last request: 35.845365 seconds.
  path: Assets/Animations/Mouse Hover Panel.controller
  artifactKey: Guid(60bb766dff7c5c8409f3ed717de40f1a) Importer(815301076,1909f56bfc062723c751e8b465ee728b)
Start importing Assets/Animations/Mouse Hover Panel.controller using Guid(60bb766dff7c5c8409f3ed717de40f1a) Importer(815301076,1909f56bfc062723c751e8b465ee728b)  -> (artifact id: 'daf03ca47203f4a32276cde6f1afb600') in 0.025335 seconds
  Import took 0.037581 seconds .

========================================================================
Received Prepare
Registering precompiled user dll's ...
Registered in 0.013645 seconds.
Begin MonoManager ReloadAssembly
Native extension for WindowsStandalone target not found
Refreshing native plugins compatible for Editor in 0.78 ms, found 1 plugins.
Preloading 0 native plugins for Editor in 0.00 ms.
Invoked RoslynAnalysisRunner static constructor.
RoslynAnalysisRunner will not be running.
RoslynAnalysisRunner has terminated.
Mono: successfully reloaded assembly
- Completed reload, in  2.779 seconds
Platform modules already initialized, skipping
Refreshing native plugins compatible for Editor in 0.73 ms, found 1 plugins.
Preloading 0 native plugins for Editor in 0.00 ms.
Unloading 2817 Unused Serialized files (Serialized files now loaded: 0)
System memory in use before: 124.9 MB.
System memory in use after: 125.2 MB.

Unloading 10 unused Assets to reduce memory usage. Loaded Objects now: 3411.
Total: 4.285200 ms (FindLiveObjects: 0.857000 ms CreateObjectMapping: 0.290700 ms MarkObjects: 3.045100 ms  DeleteObjects: 0.089500 ms)

========================================================================
Received Prepare
Registering precompiled user dll's ...
Registered in 0.004143 seconds.
Begin MonoManager ReloadAssembly
Native extension for WindowsStandalone target not found
Refreshing native plugins compatible for Editor in 0.94 ms, found 1 plugins.
Preloading 0 native plugins for Editor in 0.00 ms.
Invoked RoslynAnalysisRunner static constructor.
RoslynAnalysisRunner will not be running.
RoslynAnalysisRunner has terminated.
Mono: successfully reloaded assembly
- Completed reload, in  2.365 seconds
Platform modules already initialized, skipping
Refreshing native plugins compatible for Editor in 0.74 ms, found 1 plugins.
Preloading 0 native plugins for Editor in 0.00 ms.
Unloading 2817 Unused Serialized files (Serialized files now loaded: 0)
System memory in use before: 124.9 MB.
System memory in use after: 125.2 MB.

Unloading 9 unused Assets to reduce memory usage. Loaded Objects now: 3414.
Total: 3.034500 ms (FindLiveObjects: 0.583700 ms CreateObjectMapping: 0.293800 ms MarkObjects: 2.131400 ms  DeleteObjects: 0.023400 ms)

========================================================================
Received Import Request.
  Time since last request: 117.594139 seconds.
  path: Assets/Prefabs/Mouse Hover Panel.prefab
  artifactKey: Guid(267ba16ace4839c4fb5e1b6296b67be6) Importer(815301076,1909f56bfc062723c751e8b465ee728b)
Start importing Assets/Prefabs/Mouse Hover Panel.prefab using Guid(267ba16ace4839c4fb5e1b6296b67be6) Importer(815301076,1909f56bfc062723c751e8b465ee728b)  -> (artifact id: 'a6f3af8ab46442fa69d3f2a085474ae2') in 0.083246 seconds
  Import took 0.096726 seconds .

========================================================================
Received Prepare
Registering precompiled user dll's ...
Registered in 0.005645 seconds.
Begin MonoManager ReloadAssembly
Native extension for WindowsStandalone target not found
Refreshing native plugins compatible for Editor in 0.72 ms, found 1 plugins.
Preloading 0 native plugins for Editor in 0.00 ms.
Invoked RoslynAnalysisRunner static constructor.
RoslynAnalysisRunner will not be running.
RoslynAnalysisRunner has terminated.
Mono: successfully reloaded assembly
- Completed reload, in  1.751 seconds
Platform modules already initialized, skipping
Refreshing native plugins compatible for Editor in 1.02 ms, found 1 plugins.
Preloading 0 native plugins for Editor in 0.00 ms.
Unloading 2817 Unused Serialized files (Serialized files now loaded: 0)
System memory in use before: 124.9 MB.
System memory in use after: 125.2 MB.

Unloading 10 unused Assets to reduce memory usage. Loaded Objects now: 3417.
Total: 7.936400 ms (FindLiveObjects: 2.495700 ms CreateObjectMapping: 0.875400 ms MarkObjects: 4.524800 ms  DeleteObjects: 0.038300 ms)

========================================================================
Received Import Request.
  Time since last request: 64.508070 seconds.
  path: Assets/Animations/HoverOff.anim
  artifactKey: Guid(b761277631b3a6140a052401157374b6) Importer(815301076,1909f56bfc062723c751e8b465ee728b)
Start importing Assets/Animations/HoverOff.anim using Guid(b761277631b3a6140a052401157374b6) Importer(815301076,1909f56bfc062723c751e8b465ee728b)  -> (artifact id: '54ac22179475e71c061bd907ee1fd904') in 0.075385 seconds
  Import took 0.086034 seconds .

========================================================================
Received Import Request.
  Time since last request: 0.000326 seconds.
  path: Assets/Animations/HoverOn.anim
  artifactKey: Guid(b56e581c5a26cab42946c8510e9b6077) Importer(815301076,1909f56bfc062723c751e8b465ee728b)
Start importing Assets/Animations/HoverOn.anim using Guid(b56e581c5a26cab42946c8510e9b6077) Importer(815301076,1909f56bfc062723c751e8b465ee728b)  -> (artifact id: 'dcf7f11e312318e92bc0f0e16c8df6ef') in 0.023958 seconds
  Import took 0.034830 seconds .

========================================================================
Received Import Request.
  Time since last request: 0.017020 seconds.
  path: Assets/Animations/HoverOn.anim
  artifactKey: Guid(b56e581c5a26cab42946c8510e9b6077) Importer(815301076,1909f56bfc062723c751e8b465ee728b)
Start importing Assets/Animations/HoverOn.anim using Guid(b56e581c5a26cab42946c8510e9b6077) Importer(815301076,1909f56bfc062723c751e8b465ee728b)  -> (artifact id: 'dcf7f11e312318e92bc0f0e16c8df6ef') in 0.014701 seconds
  Import took 0.032512 seconds .

========================================================================
Received Import Request.
  Time since last request: 1.895637 seconds.
  path: Assets/Animations/HoverOn.anim
  artifactKey: Guid(b56e581c5a26cab42946c8510e9b6077) Importer(815301076,1909f56bfc062723c751e8b465ee728b)
Start importing Assets/Animations/HoverOn.anim using Guid(b56e581c5a26cab42946c8510e9b6077) Importer(815301076,1909f56bfc062723c751e8b465ee728b)  -> (artifact id: '00a42e2ced0babefd8fa2d1f699b893c') in 0.018530 seconds
  Import took 0.029691 seconds .

========================================================================
Received Import Request.
  Time since last request: 0.003345 seconds.
  path: Assets/Animations/HoverOn.anim
  artifactKey: Guid(b56e581c5a26cab42946c8510e9b6077) Importer(815301076,1909f56bfc062723c751e8b465ee728b)
Start importing Assets/Animations/HoverOn.anim using Guid(b56e581c5a26cab42946c8510e9b6077) Importer(815301076,1909f56bfc062723c751e8b465ee728b)  -> (artifact id: '00a42e2ced0babefd8fa2d1f699b893c') in 0.041256 seconds
  Import took 0.063053 seconds .

========================================================================
Received Prepare
Registering precompiled user dll's ...
Registered in 0.011528 seconds.
Begin MonoManager ReloadAssembly
Native extension for WindowsStandalone target not found
Refreshing native plugins compatible for Editor in 1.41 ms, found 1 plugins.
Preloading 0 native plugins for Editor in 0.00 ms.
Invoked RoslynAnalysisRunner static constructor.
RoslynAnalysisRunner will not be running.
RoslynAnalysisRunner has terminated.
Mono: successfully reloaded assembly
- Completed reload, in  3.497 seconds
Platform modules already initialized, skipping
Refreshing native plugins compatible for Editor in 0.68 ms, found 1 plugins.
Preloading 0 native plugins for Editor in 0.00 ms.
Unloading 2817 Unused Serialized files (Serialized files now loaded: 0)
System memory in use before: 124.9 MB.
System memory in use after: 125.2 MB.

Unloading 9 unused Assets to reduce memory usage. Loaded Objects now: 3420.
Total: 7.947500 ms (FindLiveObjects: 0.383900 ms CreateObjectMapping: 0.954600 ms MarkObjects: 6.531600 ms  DeleteObjects: 0.074700 ms)

========================================================================
Received Prepare
Registering precompiled user dll's ...
Registered in 0.019477 seconds.
Begin MonoManager ReloadAssembly
Native extension for WindowsStandalone target not found
Refreshing native plugins compatible for Editor in 2.98 ms, found 1 plugins.
Preloading 0 native plugins for Editor in 0.00 ms.
Invoked RoslynAnalysisRunner static constructor.
RoslynAnalysisRunner will not be running.
RoslynAnalysisRunner has terminated.
Mono: successfully reloaded assembly
- Completed reload, in  3.987 seconds
Platform modules already initialized, skipping
Refreshing native plugins compatible for Editor in 0.88 ms, found 1 plugins.
Preloading 0 native plugins for Editor in 0.00 ms.
Unloading 2817 Unused Serialized files (Serialized files now loaded: 0)
System memory in use before: 125.0 MB.
System memory in use after: 125.2 MB.

Unloading 9 unused Assets to reduce memory usage. Loaded Objects now: 3423.
Total: 8.583200 ms (FindLiveObjects: 0.909500 ms CreateObjectMapping: 0.736900 ms MarkObjects: 6.157500 ms  DeleteObjects: 0.777000 ms)

========================================================================
Received Prepare
Registering precompiled user dll's ...
Registered in 0.019034 seconds.
Begin MonoManager ReloadAssembly
Native extension for WindowsStandalone target not found
Refreshing native plugins compatible for Editor in 1.69 ms, found 1 plugins.
Preloading 0 native plugins for Editor in 0.00 ms.
Invoked RoslynAnalysisRunner static constructor.
RoslynAnalysisRunner will not be running.
RoslynAnalysisRunner has terminated.
Mono: successfully reloaded assembly
- Completed reload, in  3.209 seconds
Platform modules already initialized, skipping
Refreshing native plugins compatible for Editor in 2.99 ms, found 1 plugins.
Preloading 0 native plugins for Editor in 0.00 ms.
Unloading 2817 Unused Serialized files (Serialized files now loaded: 0)
System memory in use before: 125.0 MB.
System memory in use after: 125.2 MB.

Unloading 9 unused Assets to reduce memory usage. Loaded Objects now: 3426.
Total: 8.865400 ms (FindLiveObjects: 0.501400 ms CreateObjectMapping: 0.251600 ms MarkObjects: 8.083300 ms  DeleteObjects: 0.026500 ms)

========================================================================
Received Prepare
Registering precompiled user dll's ...
Registered in 0.007146 seconds.
Begin MonoManager ReloadAssembly
Native extension for WindowsStandalone target not found
Refreshing native plugins compatible for Editor in 0.94 ms, found 1 plugins.
Preloading 0 native plugins for Editor in 0.00 ms.
Invoked RoslynAnalysisRunner static constructor.
RoslynAnalysisRunner will not be running.
RoslynAnalysisRunner has terminated.
Mono: successfully reloaded assembly
- Completed reload, in  2.006 seconds
Platform modules already initialized, skipping
Refreshing native plugins compatible for Editor in 1.36 ms, found 1 plugins.
Preloading 0 native plugins for Editor in 0.00 ms.
Unloading 2817 Unused Serialized files (Serialized files now loaded: 0)
System memory in use before: 125.0 MB.
System memory in use after: 125.2 MB.

Unloading 9 unused Assets to reduce memory usage. Loaded Objects now: 3429.
Total: 3.191600 ms (FindLiveObjects: 0.396200 ms CreateObjectMapping: 0.140300 ms MarkObjects: 2.599900 ms  DeleteObjects: 0.052300 ms)

========================================================================
Received Prepare
Registering precompiled user dll's ...
Registered in 0.010475 seconds.
Begin MonoManager ReloadAssembly
Native extension for WindowsStandalone target not found
Refreshing native plugins compatible for Editor in 0.71 ms, found 1 plugins.
Preloading 0 native plugins for Editor in 0.00 ms.
Invoked RoslynAnalysisRunner static constructor.
RoslynAnalysisRunner will not be running.
RoslynAnalysisRunner has terminated.
Mono: successfully reloaded assembly
- Completed reload, in  1.698 seconds
Platform modules already initialized, skipping
Refreshing native plugins compatible for Editor in 0.69 ms, found 1 plugins.
Preloading 0 native plugins for Editor in 0.00 ms.
Unloading 2817 Unused Serialized files (Serialized files now loaded: 0)
System memory in use before: 125.0 MB.
System memory in use after: 125.2 MB.

Unloading 9 unused Assets to reduce memory usage. Loaded Objects now: 3432.
Total: 4.951300 ms (FindLiveObjects: 0.408500 ms CreateObjectMapping: 1.523800 ms MarkObjects: 2.988300 ms  DeleteObjects: 0.028700 ms)

========================================================================
Received Prepare
Registering precompiled user dll's ...
Registered in 0.006710 seconds.
Begin MonoManager ReloadAssembly
Native extension for WindowsStandalone target not found
Refreshing native plugins compatible for Editor in 2.09 ms, found 1 plugins.
Preloading 0 native plugins for Editor in 0.00 ms.
Invoked RoslynAnalysisRunner static constructor.
RoslynAnalysisRunner will not be running.
RoslynAnalysisRunner has terminated.
Mono: successfully reloaded assembly
- Completed reload, in  3.400 seconds
Platform modules already initialized, skipping
Refreshing native plugins compatible for Editor in 2.49 ms, found 1 plugins.
Preloading 0 native plugins for Editor in 0.00 ms.
Unloading 2817 Unused Serialized files (Serialized files now loaded: 0)
System memory in use before: 125.0 MB.
System memory in use after: 125.2 MB.

Unloading 9 unused Assets to reduce memory usage. Loaded Objects now: 3435.
Total: 15.407700 ms (FindLiveObjects: 2.946700 ms CreateObjectMapping: 2.138400 ms MarkObjects: 8.040400 ms  DeleteObjects: 1.798600 ms)

========================================================================
Received Prepare
Registering precompiled user dll's ...
Registered in 0.008642 seconds.
Begin MonoManager ReloadAssembly
Native extension for WindowsStandalone target not found
Refreshing native plugins compatible for Editor in 1.03 ms, found 1 plugins.
Preloading 0 native plugins for Editor in 0.00 ms.
Invoked RoslynAnalysisRunner static constructor.
RoslynAnalysisRunner will not be running.
RoslynAnalysisRunner has terminated.
Mono: successfully reloaded assembly
- Completed reload, in  1.707 seconds
Platform modules already initialized, skipping
Refreshing native plugins compatible for Editor in 1.66 ms, found 1 plugins.
Preloading 0 native plugins for Editor in 0.00 ms.
Unloading 2817 Unused Serialized files (Serialized files now loaded: 0)
System memory in use before: 125.0 MB.
System memory in use after: 125.2 MB.

Unloading 9 unused Assets to reduce memory usage. Loaded Objects now: 3438.
Total: 5.402700 ms (FindLiveObjects: 1.648500 ms CreateObjectMapping: 0.361500 ms MarkObjects: 3.363800 ms  DeleteObjects: 0.025800 ms)

========================================================================
Received Prepare
Registering precompiled user dll's ...
Registered in 0.012018 seconds.
Begin MonoManager ReloadAssembly
Native extension for WindowsStandalone target not found
Refreshing native plugins compatible for Editor in 0.72 ms, found 1 plugins.
Preloading 0 native plugins for Editor in 0.00 ms.
Invoked RoslynAnalysisRunner static constructor.
RoslynAnalysisRunner will not be running.
RoslynAnalysisRunner has terminated.
Mono: successfully reloaded assembly
- Completed reload, in  3.280 seconds
Platform modules already initialized, skipping
Refreshing native plugins compatible for Editor in 3.34 ms, found 1 plugins.
Preloading 0 native plugins for Editor in 0.00 ms.
Unloading 2817 Unused Serialized files (Serialized files now loaded: 0)
System memory in use before: 125.0 MB.
System memory in use after: 125.2 MB.

Unloading 9 unused Assets to reduce memory usage. Loaded Objects now: 3441.
Total: 19.144700 ms (FindLiveObjects: 4.406900 ms CreateObjectMapping: 1.864200 ms MarkObjects: 12.832500 ms  DeleteObjects: 0.038600 ms)

========================================================================
Received Prepare
Registering precompiled user dll's ...
Registered in 0.008081 seconds.
Begin MonoManager ReloadAssembly
Native extension for WindowsStandalone target not found
Refreshing native plugins compatible for Editor in 0.66 ms, found 1 plugins.
Preloading 0 native plugins for Editor in 0.00 ms.
Invoked RoslynAnalysisRunner static constructor.
RoslynAnalysisRunner will not be running.
RoslynAnalysisRunner has terminated.
Mono: successfully reloaded assembly
- Completed reload, in  1.592 seconds
Platform modules already initialized, skipping
Refreshing native plugins compatible for Editor in 0.74 ms, found 1 plugins.
Preloading 0 native plugins for Editor in 0.00 ms.
Unloading 2817 Unused Serialized files (Serialized files now loaded: 0)
System memory in use before: 125.0 MB.
System memory in use after: 125.2 MB.

Unloading 9 unused Assets to reduce memory usage. Loaded Objects now: 3444.
Total: 3.876700 ms (FindLiveObjects: 1.104900 ms CreateObjectMapping: 0.272000 ms MarkObjects: 2.467300 ms  DeleteObjects: 0.030000 ms)

========================================================================
Received Prepare
Registering precompiled user dll's ...
Registered in 0.010733 seconds.
Begin MonoManager ReloadAssembly
Native extension for WindowsStandalone target not found
Refreshing native plugins compatible for Editor in 1.26 ms, found 1 plugins.
Preloading 0 native plugins for Editor in 0.00 ms.
Invoked RoslynAnalysisRunner static constructor.
RoslynAnalysisRunner will not be running.
RoslynAnalysisRunner has terminated.
Mono: successfully reloaded assembly
- Completed reload, in  4.326 seconds
Platform modules already initialized, skipping
Refreshing native plugins compatible for Editor in 1.32 ms, found 1 plugins.
Preloading 0 native plugins for Editor in 0.00 ms.
Unloading 2817 Unused Serialized files (Serialized files now loaded: 0)
System memory in use before: 125.0 MB.
System memory in use after: 125.2 MB.

Unloading 9 unused Assets to reduce memory usage. Loaded Objects now: 3447.
Total: 5.049300 ms (FindLiveObjects: 1.324800 ms CreateObjectMapping: 0.165700 ms MarkObjects: 3.501400 ms  DeleteObjects: 0.054700 ms)

========================================================================
Received Prepare
Registering precompiled user dll's ...
Registered in 0.004819 seconds.
Begin MonoManager ReloadAssembly
Native extension for WindowsStandalone target not found
Refreshing native plugins compatible for Editor in 1.13 ms, found 1 plugins.
Preloading 0 native plugins for Editor in 0.00 ms.
Invoked RoslynAnalysisRunner static constructor.
RoslynAnalysisRunner will not be running.
RoslynAnalysisRunner has terminated.
Mono: successfully reloaded assembly
- Completed reload, in  1.795 seconds
Platform modules already initialized, skipping
Refreshing native plugins compatible for Editor in 0.91 ms, found 1 plugins.
Preloading 0 native plugins for Editor in 0.00 ms.
Unloading 2817 Unused Serialized files (Serialized files now loaded: 0)
System memory in use before: 125.0 MB.
System memory in use after: 125.2 MB.

Unloading 9 unused Assets to reduce memory usage. Loaded Objects now: 3450.
Total: 8.325300 ms (FindLiveObjects: 1.143400 ms CreateObjectMapping: 0.388800 ms MarkObjects: 6.763100 ms  DeleteObjects: 0.027400 ms)

========================================================================
Received Prepare
Registering precompiled user dll's ...
Registered in 0.009592 seconds.
Begin MonoManager ReloadAssembly
Native extension for WindowsStandalone target not found
Refreshing native plugins compatible for Editor in 1.44 ms, found 1 plugins.
Preloading 0 native plugins for Editor in 0.00 ms.
Invoked RoslynAnalysisRunner static constructor.
RoslynAnalysisRunner will not be running.
RoslynAnalysisRunner has terminated.
Mono: successfully reloaded assembly
- Completed reload, in  3.540 seconds
Platform modules already initialized, skipping
Refreshing native plugins compatible for Editor in 0.79 ms, found 1 plugins.
Preloading 0 native plugins for Editor in 0.00 ms.
Unloading 2817 Unused Serialized files (Serialized files now loaded: 0)
System memory in use before: 125.0 MB.
System memory in use after: 125.2 MB.

Unloading 9 unused Assets to reduce memory usage. Loaded Objects now: 3453.
Total: 12.246300 ms (FindLiveObjects: 1.415600 ms CreateObjectMapping: 0.232600 ms MarkObjects: 10.567900 ms  DeleteObjects: 0.028400 ms)

========================================================================
Received Prepare
Registering precompiled user dll's ...
Registered in 0.007330 seconds.
Begin MonoManager ReloadAssembly
Native extension for WindowsStandalone target not found
Refreshing native plugins compatible for Editor in 0.83 ms, found 1 plugins.
Preloading 0 native plugins for Editor in 0.00 ms.
Invoked RoslynAnalysisRunner static constructor.
RoslynAnalysisRunner will not be running.
RoslynAnalysisRunner has terminated.
Mono: successfully reloaded assembly
- Completed reload, in  2.715 seconds
Platform modules already initialized, skipping
Refreshing native plugins compatible for Editor in 1.72 ms, found 1 plugins.
Preloading 0 native plugins for Editor in 0.00 ms.
Unloading 2817 Unused Serialized files (Serialized files now loaded: 0)
System memory in use before: 125.0 MB.
System memory in use after: 125.2 MB.

Unloading 9 unused Assets to reduce memory usage. Loaded Objects now: 3456.
Total: 7.822400 ms (FindLiveObjects: 0.592200 ms CreateObjectMapping: 0.412000 ms MarkObjects: 6.780800 ms  DeleteObjects: 0.034800 ms)

========================================================================
Received Prepare
Registering precompiled user dll's ...
Registered in 0.004703 seconds.
Begin MonoManager ReloadAssembly
Native extension for WindowsStandalone target not found
Refreshing native plugins compatible for Editor in 0.86 ms, found 1 plugins.
Preloading 0 native plugins for Editor in 0.00 ms.
Invoked RoslynAnalysisRunner static constructor.
RoslynAnalysisRunner will not be running.
RoslynAnalysisRunner has terminated.
Mono: successfully reloaded assembly
- Completed reload, in  1.646 seconds
Platform modules already initialized, skipping
Refreshing native plugins compatible for Editor in 0.73 ms, found 1 plugins.
Preloading 0 native plugins for Editor in 0.00 ms.
Unloading 2817 Unused Serialized files (Serialized files now loaded: 0)
System memory in use before: 125.0 MB.
System memory in use after: 125.3 MB.

Unloading 9 unused Assets to reduce memory usage. Loaded Objects now: 3459.
Total: 9.649700 ms (FindLiveObjects: 2.979000 ms CreateObjectMapping: 0.395600 ms MarkObjects: 6.237000 ms  DeleteObjects: 0.035200 ms)

========================================================================
Received Prepare
Registering precompiled user dll's ...
Registered in 0.007912 seconds.
Begin MonoManager ReloadAssembly
Native extension for WindowsStandalone target not found
Refreshing native plugins compatible for Editor in 1.15 ms, found 1 plugins.
Preloading 0 native plugins for Editor in 0.00 ms.
Invoked RoslynAnalysisRunner static constructor.
RoslynAnalysisRunner will not be running.
RoslynAnalysisRunner has terminated.
Mono: successfully reloaded assembly
- Completed reload, in  3.117 seconds
Platform modules already initialized, skipping
Refreshing native plugins compatible for Editor in 2.06 ms, found 1 plugins.
Preloading 0 native plugins for Editor in 0.00 ms.
Unloading 2817 Unused Serialized files (Serialized files now loaded: 0)
System memory in use before: 125.0 MB.
System memory in use after: 125.3 MB.

Unloading 9 unused Assets to reduce memory usage. Loaded Objects now: 3462.
Total: 5.547500 ms (FindLiveObjects: 0.467300 ms CreateObjectMapping: 0.317000 ms MarkObjects: 4.735100 ms  DeleteObjects: 0.026100 ms)

========================================================================
Received Prepare
Registering precompiled user dll's ...
Registered in 0.010496 seconds.
Begin MonoManager ReloadAssembly
Native extension for WindowsStandalone target not found
Refreshing native plugins compatible for Editor in 1.00 ms, found 1 plugins.
Preloading 0 native plugins for Editor in 0.00 ms.
Invoked RoslynAnalysisRunner static constructor.
RoslynAnalysisRunner will not be running.
RoslynAnalysisRunner has terminated.
Mono: successfully reloaded assembly
- Completed reload, in  2.207 seconds
Platform modules already initialized, skipping
Refreshing native plugins compatible for Editor in 0.70 ms, found 1 plugins.
Preloading 0 native plugins for Editor in 0.00 ms.
Unloading 2817 Unused Serialized files (Serialized files now loaded: 0)
System memory in use before: 125.0 MB.
System memory in use after: 125.3 MB.

Unloading 9 unused Assets to reduce memory usage. Loaded Objects now: 3465.
Total: 8.495400 ms (FindLiveObjects: 0.850000 ms CreateObjectMapping: 0.411500 ms MarkObjects: 7.201700 ms  DeleteObjects: 0.029200 ms)

========================================================================
Received Prepare
Registering precompiled user dll's ...
Registered in 0.013335 seconds.
Begin MonoManager ReloadAssembly
Native extension for WindowsStandalone target not found
Refreshing native plugins compatible for Editor in 0.79 ms, found 1 plugins.
Preloading 0 native plugins for Editor in 0.00 ms.
Invoked RoslynAnalysisRunner static constructor.
RoslynAnalysisRunner will not be running.
RoslynAnalysisRunner has terminated.
Mono: successfully reloaded assembly
- Completed reload, in  3.532 seconds
Platform modules already initialized, skipping
Refreshing native plugins compatible for Editor in 1.26 ms, found 1 plugins.
Preloading 0 native plugins for Editor in 0.00 ms.
Unloading 2817 Unused Serialized files (Serialized files now loaded: 0)
System memory in use before: 125.0 MB.
System memory in use after: 125.3 MB.

Unloading 9 unused Assets to reduce memory usage. Loaded Objects now: 3468.
Total: 11.165800 ms (FindLiveObjects: 2.170200 ms CreateObjectMapping: 0.347800 ms MarkObjects: 8.620400 ms  DeleteObjects: 0.025400 ms)

========================================================================
Received Prepare
Registering precompiled user dll's ...
Registered in 0.006739 seconds.
Begin MonoManager ReloadAssembly
Native extension for WindowsStandalone target not found
Refreshing native plugins compatible for Editor in 0.69 ms, found 1 plugins.
Preloading 0 native plugins for Editor in 0.00 ms.
Invoked RoslynAnalysisRunner static constructor.
RoslynAnalysisRunner will not be running.
RoslynAnalysisRunner has terminated.
Mono: successfully reloaded assembly
- Completed reload, in  1.657 seconds
Platform modules already initialized, skipping
Refreshing native plugins compatible for Editor in 0.73 ms, found 1 plugins.
Preloading 0 native plugins for Editor in 0.00 ms.
Unloading 2817 Unused Serialized files (Serialized files now loaded: 0)
System memory in use before: 125.0 MB.
System memory in use after: 125.3 MB.

Unloading 9 unused Assets to reduce memory usage. Loaded Objects now: 3471.
Total: 4.100100 ms (FindLiveObjects: 0.413800 ms CreateObjectMapping: 0.149300 ms MarkObjects: 3.512800 ms  DeleteObjects: 0.021500 ms)

========================================================================
Received Prepare
Registering precompiled user dll's ...
Registered in 0.013233 seconds.
Begin MonoManager ReloadAssembly
Native extension for WindowsStandalone target not found
Refreshing native plugins compatible for Editor in 1.59 ms, found 1 plugins.
Preloading 0 native plugins for Editor in 0.00 ms.
Invoked RoslynAnalysisRunner static constructor.
RoslynAnalysisRunner will not be running.
RoslynAnalysisRunner has terminated.
Mono: successfully reloaded assembly
- Completed reload, in  3.183 seconds
Platform modules already initialized, skipping
Refreshing native plugins compatible for Editor in 3.25 ms, found 1 plugins.
Preloading 0 native plugins for Editor in 0.00 ms.
Unloading 2817 Unused Serialized files (Serialized files now loaded: 0)
System memory in use before: 125.1 MB.
System memory in use after: 125.3 MB.

Unloading 9 unused Assets to reduce memory usage. Loaded Objects now: 3474.
Total: 14.056500 ms (FindLiveObjects: 0.808000 ms CreateObjectMapping: 5.410500 ms MarkObjects: 7.804700 ms  DeleteObjects: 0.031400 ms)

========================================================================
Received Prepare
Registering precompiled user dll's ...
Registered in 0.008876 seconds.
Begin MonoManager ReloadAssembly
Native extension for WindowsStandalone target not found
Refreshing native plugins compatible for Editor in 0.75 ms, found 1 plugins.
Preloading 0 native plugins for Editor in 0.00 ms.
Invoked RoslynAnalysisRunner static constructor.
RoslynAnalysisRunner will not be running.
RoslynAnalysisRunner has terminated.
Mono: successfully reloaded assembly
- Completed reload, in  1.777 seconds
Platform modules already initialized, skipping
Refreshing native plugins compatible for Editor in 0.86 ms, found 1 plugins.
Preloading 0 native plugins for Editor in 0.00 ms.
Unloading 2817 Unused Serialized files (Serialized files now loaded: 0)
System memory in use before: 125.1 MB.
System memory in use after: 125.3 MB.

Unloading 9 unused Assets to reduce memory usage. Loaded Objects now: 3477.
Total: 9.386900 ms (FindLiveObjects: 1.739000 ms CreateObjectMapping: 3.831100 ms MarkObjects: 3.788500 ms  DeleteObjects: 0.025700 ms)

AssetImportWorkerClient::OnTransportError - code=2 error=End of file
