Using pre-set license
Built from '2020.3/staging' branch; Version is '2020.3.0f1 (c7b5465681fb) revision 13088070'; Using compiler version '192528614'; Build Type 'Release'
OS: 'Windows 10 Home; OS build 19042.928; Version 2009; 64bit' Language: 'en' Physical Memory: 16281 MB
BatchMode: 1, IsHumanControllingUs: 0, StartBugReporterOnCrash: 0, Is64bit: 1, IsPro: 0

 COMMAND LINE ARGUMENTS:
C:\Program Files\Unity\Hub\Editor\2020.3.0f1\Editor\Unity.exe
-adb2
-batchMode
-noUpm
-name
AssetImportWorker2
-projectPath
C:/Users/Joshu/Documents/GitHub/March-RPG/March-RPG
-logFile
Logs/AssetImportWorker2.log
-srvPort
57957
Successfully changed project path to: C:/Users/Joshu/Documents/GitHub/March-RPG/March-RPG
C:/Users/Joshu/Documents/GitHub/March-RPG/March-RPG
Using Asset Import Pipeline V2.
Refreshing native plugins compatible for Editor in 562.47 ms, found 1 plugins.
Preloading 0 native plugins for Editor in 0.00 ms.
Initialize engine version: 2020.3.0f1 (c7b5465681fb)
[Subsystems] Discovering subsystems at path C:/Program Files/Unity/Hub/Editor/2020.3.0f1/Editor/Data/Resources/UnitySubsystems
[Subsystems] Discovering subsystems at path C:/Users/Joshu/Documents/GitHub/March-RPG/March-RPG/Assets
GfxDevice: creating device client; threaded=0
Direct3D:
    Version:  Direct3D 11.0 [level 11.1]
    Renderer: NVIDIA GeForce GTX 960 (ID=0x1401)
    Vendor:   
    VRAM:     4053 MB
    Driver:   27.21.14.6172
Initialize mono
Mono path[0] = 'C:/Program Files/Unity/Hub/Editor/2020.3.0f1/Editor/Data/Managed'
Mono path[1] = 'C:/Program Files/Unity/Hub/Editor/2020.3.0f1/Editor/Data/MonoBleedingEdge/lib/mono/unityjit'
Mono config path = 'C:/Program Files/Unity/Hub/Editor/2020.3.0f1/Editor/Data/MonoBleedingEdge/etc'
Using monoOptions --debugger-agent=transport=dt_socket,embedding=1,server=y,suspend=n,address=127.0.0.1:56448
Begin MonoManager ReloadAssembly
Registering precompiled unity dll's ...
Register platform support module: C:/Program Files/Unity/Hub/Editor/2020.3.0f1/Editor/Data/PlaybackEngines/WindowsStandaloneSupport/UnityEditor.WindowsStandalone.Extensions.dll
Registered in 0.021577 seconds.
Native extension for WindowsStandalone target not found
Refreshing native plugins compatible for Editor in 212.27 ms, found 1 plugins.
Preloading 0 native plugins for Editor in 0.00 ms.
Invoked RoslynAnalysisRunner static constructor.
RoslynAnalysisRunner will not be running.
RoslynAnalysisRunner has terminated.
Mono: successfully reloaded assembly
- Completed reload, in  2.336 seconds
Platform modules already initialized, skipping
Registering precompiled user dll's ...
Registered in 0.005159 seconds.
Begin MonoManager ReloadAssembly
Native extension for WindowsStandalone target not found
Refreshing native plugins compatible for Editor in 0.80 ms, found 1 plugins.
Preloading 0 native plugins for Editor in 0.00 ms.
Invoked RoslynAnalysisRunner static constructor.
RoslynAnalysisRunner will not be running.
RoslynAnalysisRunner has terminated.
Mono: successfully reloaded assembly
- Completed reload, in  1.853 seconds
Platform modules already initialized, skipping
========================================================================
Worker process is ready to serve import requests
Launched and connected shader compiler UnityShaderCompiler.exe after 0.16 seconds
Refreshing native plugins compatible for Editor in 0.76 ms, found 1 plugins.
Preloading 0 native plugins for Editor in 0.00 ms.
Unloading 2873 Unused Serialized files (Serialized files now loaded: 0)
System memory in use before: 128.6 MB.
System memory in use after: 128.8 MB.

Unloading 13 unused Assets to reduce memory usage. Loaded Objects now: 3348.
Total: 2.947800 ms (FindLiveObjects: 0.395700 ms CreateObjectMapping: 0.253400 ms MarkObjects: 2.265500 ms  DeleteObjects: 0.031300 ms)

========================================================================
Received Prepare
Registering precompiled user dll's ...
Registered in 0.041119 seconds.
Begin MonoManager ReloadAssembly
Native extension for WindowsStandalone target not found
Refreshing native plugins compatible for Editor in 0.67 ms, found 1 plugins.
Preloading 0 native plugins for Editor in 0.00 ms.
Invoked RoslynAnalysisRunner static constructor.
RoslynAnalysisRunner will not be running.
RoslynAnalysisRunner has terminated.
Mono: successfully reloaded assembly
- Completed reload, in  1.979 seconds
Platform modules already initialized, skipping
Refreshing native plugins compatible for Editor in 1.05 ms, found 1 plugins.
Preloading 0 native plugins for Editor in 0.00 ms.
Unloading 2817 Unused Serialized files (Serialized files now loaded: 0)
System memory in use before: 124.6 MB.
System memory in use after: 124.8 MB.

Unloading 9 unused Assets to reduce memory usage. Loaded Objects now: 3351.
Total: 5.528000 ms (FindLiveObjects: 0.668400 ms CreateObjectMapping: 0.822200 ms MarkObjects: 4.009500 ms  DeleteObjects: 0.024500 ms)

========================================================================
Received Import Request.
  path: Assets/Materials/Grid.mat
  artifactKey: Guid(8cd318dc9cd0a6b4a93d5f0dbe97db4e) Importer(815301076,1909f56bfc062723c751e8b465ee728b)
Start importing Assets/Materials/Grid.mat using Guid(8cd318dc9cd0a6b4a93d5f0dbe97db4e) Importer(815301076,1909f56bfc062723c751e8b465ee728b)  -> (artifact id: 'b24d1a59b90351a215c2339586c0528d') in 0.355801 seconds
  Import took 0.365603 seconds .

========================================================================
Received Import Request.
  Time since last request: 6.649625 seconds.
  path: Assets/Materials/Grid.mat
  artifactKey: Guid(8cd318dc9cd0a6b4a93d5f0dbe97db4e) Importer(815301076,1909f56bfc062723c751e8b465ee728b)
Start importing Assets/Materials/Grid.mat using Guid(8cd318dc9cd0a6b4a93d5f0dbe97db4e) Importer(815301076,1909f56bfc062723c751e8b465ee728b)  -> (artifact id: 'b24d1a59b90351a215c2339586c0528d') in 0.118715 seconds
  Import took 0.157149 seconds .

========================================================================
Received Prepare
Registering precompiled user dll's ...
Registered in 0.082551 seconds.
Begin MonoManager ReloadAssembly
Native extension for WindowsStandalone target not found
Refreshing native plugins compatible for Editor in 0.71 ms, found 1 plugins.
Preloading 0 native plugins for Editor in 0.00 ms.
Invoked RoslynAnalysisRunner static constructor.
RoslynAnalysisRunner will not be running.
RoslynAnalysisRunner has terminated.
Mono: successfully reloaded assembly
- Completed reload, in  2.029 seconds
Platform modules already initialized, skipping
Refreshing native plugins compatible for Editor in 1.31 ms, found 1 plugins.
Preloading 0 native plugins for Editor in 0.00 ms.
Unloading 2817 Unused Serialized files (Serialized files now loaded: 0)
System memory in use before: 127.9 MB.
System memory in use after: 128.1 MB.

Unloading 10 unused Assets to reduce memory usage. Loaded Objects now: 3394.
Total: 4.983600 ms (FindLiveObjects: 0.898500 ms CreateObjectMapping: 0.359500 ms MarkObjects: 3.643200 ms  DeleteObjects: 0.079700 ms)

========================================================================
Received Prepare
Registering precompiled user dll's ...
Registered in 0.012691 seconds.
Begin MonoManager ReloadAssembly
Native extension for WindowsStandalone target not found
Refreshing native plugins compatible for Editor in 2.80 ms, found 1 plugins.
Preloading 0 native plugins for Editor in 0.00 ms.
Invoked RoslynAnalysisRunner static constructor.
RoslynAnalysisRunner will not be running.
RoslynAnalysisRunner has terminated.
Mono: successfully reloaded assembly
- Completed reload, in  3.415 seconds
Platform modules already initialized, skipping
Refreshing native plugins compatible for Editor in 1.48 ms, found 1 plugins.
Preloading 0 native plugins for Editor in 0.00 ms.
Unloading 2817 Unused Serialized files (Serialized files now loaded: 0)
System memory in use before: 127.9 MB.
System memory in use after: 128.1 MB.

Unloading 9 unused Assets to reduce memory usage. Loaded Objects now: 3397.
Total: 13.731600 ms (FindLiveObjects: 4.520900 ms CreateObjectMapping: 0.389700 ms MarkObjects: 8.779200 ms  DeleteObjects: 0.039000 ms)

========================================================================
Received Prepare
Registering precompiled user dll's ...
Registered in 0.006995 seconds.
Begin MonoManager ReloadAssembly
Native extension for WindowsStandalone target not found
Refreshing native plugins compatible for Editor in 0.71 ms, found 1 plugins.
Preloading 0 native plugins for Editor in 0.00 ms.
Invoked RoslynAnalysisRunner static constructor.
RoslynAnalysisRunner will not be running.
RoslynAnalysisRunner has terminated.
Mono: successfully reloaded assembly
- Completed reload, in  1.596 seconds
Platform modules already initialized, skipping
Refreshing native plugins compatible for Editor in 0.69 ms, found 1 plugins.
Preloading 0 native plugins for Editor in 0.00 ms.
Unloading 2817 Unused Serialized files (Serialized files now loaded: 0)
System memory in use before: 127.9 MB.
System memory in use after: 128.1 MB.

Unloading 9 unused Assets to reduce memory usage. Loaded Objects now: 3400.
Total: 2.667000 ms (FindLiveObjects: 0.437300 ms CreateObjectMapping: 0.256000 ms MarkObjects: 1.952500 ms  DeleteObjects: 0.019600 ms)

========================================================================
Received Import Request.
  Time since last request: 144.759483 seconds.
  path: Assets/Materials/Player Colors/Hair.mat
  artifactKey: Guid(4d1b2ef1744b3944985c69fa3d343615) Importer(815301076,1909f56bfc062723c751e8b465ee728b)
Start importing Assets/Materials/Player Colors/Hair.mat using Guid(4d1b2ef1744b3944985c69fa3d343615) Importer(815301076,1909f56bfc062723c751e8b465ee728b)  -> (artifact id: '6a20cc0ffad2e7df7be4c559e8d9d45e') in 0.415929 seconds
  Import took 0.432457 seconds .

========================================================================
Received Prepare
Registering precompiled user dll's ...
Registered in 0.011735 seconds.
Begin MonoManager ReloadAssembly
Native extension for WindowsStandalone target not found
Refreshing native plugins compatible for Editor in 0.76 ms, found 1 plugins.
Preloading 0 native plugins for Editor in 0.00 ms.
Invoked RoslynAnalysisRunner static constructor.
RoslynAnalysisRunner will not be running.
RoslynAnalysisRunner has terminated.
Mono: successfully reloaded assembly
- Completed reload, in  3.725 seconds
Platform modules already initialized, skipping
Refreshing native plugins compatible for Editor in 1.87 ms, found 1 plugins.
Preloading 0 native plugins for Editor in 0.00 ms.
Unloading 2817 Unused Serialized files (Serialized files now loaded: 0)
System memory in use before: 127.9 MB.
System memory in use after: 128.1 MB.

Unloading 9 unused Assets to reduce memory usage. Loaded Objects now: 3404.
Total: 7.069400 ms (FindLiveObjects: 0.809600 ms CreateObjectMapping: 0.588700 ms MarkObjects: 5.640500 ms  DeleteObjects: 0.027600 ms)

========================================================================
Received Prepare
Registering precompiled user dll's ...
Registered in 0.006997 seconds.
Begin MonoManager ReloadAssembly
Native extension for WindowsStandalone target not found
Refreshing native plugins compatible for Editor in 0.79 ms, found 1 plugins.
Preloading 0 native plugins for Editor in 0.00 ms.
Invoked RoslynAnalysisRunner static constructor.
RoslynAnalysisRunner will not be running.
RoslynAnalysisRunner has terminated.
Mono: successfully reloaded assembly
- Completed reload, in  1.528 seconds
Platform modules already initialized, skipping
Refreshing native plugins compatible for Editor in 0.79 ms, found 1 plugins.
Preloading 0 native plugins for Editor in 0.00 ms.
Unloading 2817 Unused Serialized files (Serialized files now loaded: 0)
System memory in use before: 127.9 MB.
System memory in use after: 128.1 MB.

Unloading 9 unused Assets to reduce memory usage. Loaded Objects now: 3407.
Total: 3.437300 ms (FindLiveObjects: 0.685500 ms CreateObjectMapping: 0.321800 ms MarkObjects: 2.328900 ms  DeleteObjects: 0.098600 ms)

========================================================================
Received Prepare
Registering precompiled user dll's ...
Registered in 0.009077 seconds.
Begin MonoManager ReloadAssembly
Native extension for WindowsStandalone target not found
Refreshing native plugins compatible for Editor in 0.90 ms, found 1 plugins.
Preloading 0 native plugins for Editor in 0.00 ms.
Invoked RoslynAnalysisRunner static constructor.
RoslynAnalysisRunner will not be running.
RoslynAnalysisRunner has terminated.
Mono: successfully reloaded assembly
- Completed reload, in  3.134 seconds
Platform modules already initialized, skipping
Refreshing native plugins compatible for Editor in 1.96 ms, found 1 plugins.
Preloading 0 native plugins for Editor in 0.00 ms.
Unloading 2817 Unused Serialized files (Serialized files now loaded: 0)
System memory in use before: 127.9 MB.
System memory in use after: 128.1 MB.

Unloading 9 unused Assets to reduce memory usage. Loaded Objects now: 3410.
Total: 9.479200 ms (FindLiveObjects: 0.588000 ms CreateObjectMapping: 0.365400 ms MarkObjects: 8.458600 ms  DeleteObjects: 0.064200 ms)

========================================================================
Received Prepare
Registering precompiled user dll's ...
Registered in 0.007096 seconds.
Begin MonoManager ReloadAssembly
Native extension for WindowsStandalone target not found
Refreshing native plugins compatible for Editor in 1.13 ms, found 1 plugins.
Preloading 0 native plugins for Editor in 0.00 ms.
Invoked RoslynAnalysisRunner static constructor.
RoslynAnalysisRunner will not be running.
RoslynAnalysisRunner has terminated.
Mono: successfully reloaded assembly
- Completed reload, in  1.894 seconds
Platform modules already initialized, skipping
Refreshing native plugins compatible for Editor in 1.45 ms, found 1 plugins.
Preloading 0 native plugins for Editor in 0.00 ms.
Unloading 2817 Unused Serialized files (Serialized files now loaded: 0)
System memory in use before: 127.9 MB.
System memory in use after: 128.1 MB.

Unloading 9 unused Assets to reduce memory usage. Loaded Objects now: 3413.
Total: 6.151600 ms (FindLiveObjects: 0.851200 ms CreateObjectMapping: 0.486900 ms MarkObjects: 4.779700 ms  DeleteObjects: 0.027400 ms)

========================================================================
Received Import Request.
  Time since last request: 866.373588 seconds.
  path: Assets/Scripts/LookAt.cs
  artifactKey: Guid(281bd3b39875e3b4f983f5ed55f0055c) Importer(815301076,1909f56bfc062723c751e8b465ee728b)
Start importing Assets/Scripts/LookAt.cs using Guid(281bd3b39875e3b4f983f5ed55f0055c) Importer(815301076,1909f56bfc062723c751e8b465ee728b)  -> (artifact id: '6e7abd82e6e1ebed76a26c07f892b43b') in 0.052281 seconds
  Import took 0.098992 seconds .

========================================================================
Received Prepare
Registering precompiled user dll's ...
Registered in 0.005603 seconds.
Begin MonoManager ReloadAssembly
Native extension for WindowsStandalone target not found
Refreshing native plugins compatible for Editor in 0.73 ms, found 1 plugins.
Preloading 0 native plugins for Editor in 0.00 ms.
Invoked RoslynAnalysisRunner static constructor.
RoslynAnalysisRunner will not be running.
RoslynAnalysisRunner has terminated.
Mono: successfully reloaded assembly
- Completed reload, in  1.695 seconds
Platform modules already initialized, skipping
Refreshing native plugins compatible for Editor in 0.74 ms, found 1 plugins.
Preloading 0 native plugins for Editor in 0.00 ms.
Unloading 2818 Unused Serialized files (Serialized files now loaded: 0)
System memory in use before: 127.9 MB.
System memory in use after: 128.2 MB.

Unloading 9 unused Assets to reduce memory usage. Loaded Objects now: 3417.
Total: 3.703500 ms (FindLiveObjects: 0.653500 ms CreateObjectMapping: 0.319500 ms MarkObjects: 2.705900 ms  DeleteObjects: 0.022100 ms)

========================================================================
Received Import Request.
  Time since last request: 45.819662 seconds.
  path: Assets/Scripts/LookAt.cs
  artifactKey: Guid(281bd3b39875e3b4f983f5ed55f0055c) Importer(815301076,1909f56bfc062723c751e8b465ee728b)
Start importing Assets/Scripts/LookAt.cs using Guid(281bd3b39875e3b4f983f5ed55f0055c) Importer(815301076,1909f56bfc062723c751e8b465ee728b)  -> (artifact id: 'a1f384ca834be743edb305a03f397ff4') in 0.025385 seconds
  Import took 0.036678 seconds .

========================================================================
Received Prepare
Registering precompiled user dll's ...
Registered in 0.008184 seconds.
Begin MonoManager ReloadAssembly
Native extension for WindowsStandalone target not found
Refreshing native plugins compatible for Editor in 0.80 ms, found 1 plugins.
Preloading 0 native plugins for Editor in 0.00 ms.
Invoked RoslynAnalysisRunner static constructor.
RoslynAnalysisRunner will not be running.
RoslynAnalysisRunner has terminated.
Mono: successfully reloaded assembly
- Completed reload, in  2.013 seconds
Platform modules already initialized, skipping
Refreshing native plugins compatible for Editor in 5.51 ms, found 1 plugins.
Preloading 0 native plugins for Editor in 0.00 ms.
Unloading 2818 Unused Serialized files (Serialized files now loaded: 0)
System memory in use before: 127.9 MB.
System memory in use after: 128.2 MB.

Unloading 9 unused Assets to reduce memory usage. Loaded Objects now: 3420.
Total: 4.933600 ms (FindLiveObjects: 1.176500 ms CreateObjectMapping: 0.547700 ms MarkObjects: 3.165900 ms  DeleteObjects: 0.041800 ms)

========================================================================
Received Prepare
Registering precompiled user dll's ...
Registered in 0.006017 seconds.
Begin MonoManager ReloadAssembly
Native extension for WindowsStandalone target not found
Refreshing native plugins compatible for Editor in 1.54 ms, found 1 plugins.
Preloading 0 native plugins for Editor in 0.00 ms.
Invoked RoslynAnalysisRunner static constructor.
RoslynAnalysisRunner will not be running.
RoslynAnalysisRunner has terminated.
Mono: successfully reloaded assembly
- Completed reload, in  1.878 seconds
Platform modules already initialized, skipping
Refreshing native plugins compatible for Editor in 0.78 ms, found 1 plugins.
Preloading 0 native plugins for Editor in 0.00 ms.
Unloading 2818 Unused Serialized files (Serialized files now loaded: 0)
System memory in use before: 128.0 MB.
System memory in use after: 128.2 MB.

Unloading 9 unused Assets to reduce memory usage. Loaded Objects now: 3423.
Total: 6.892800 ms (FindLiveObjects: 0.447300 ms CreateObjectMapping: 0.326800 ms MarkObjects: 6.060800 ms  DeleteObjects: 0.055000 ms)

========================================================================
Received Prepare
Registering precompiled user dll's ...
Registered in 0.012688 seconds.
Begin MonoManager ReloadAssembly
Native extension for WindowsStandalone target not found
Refreshing native plugins compatible for Editor in 1.49 ms, found 1 plugins.
Preloading 0 native plugins for Editor in 0.00 ms.
Invoked RoslynAnalysisRunner static constructor.
RoslynAnalysisRunner will not be running.
RoslynAnalysisRunner has terminated.
Mono: successfully reloaded assembly
- Completed reload, in  3.941 seconds
Platform modules already initialized, skipping
Refreshing native plugins compatible for Editor in 1.82 ms, found 1 plugins.
Preloading 0 native plugins for Editor in 0.00 ms.
Unloading 2818 Unused Serialized files (Serialized files now loaded: 0)
System memory in use before: 128.0 MB.
System memory in use after: 128.2 MB.

Unloading 9 unused Assets to reduce memory usage. Loaded Objects now: 3426.
Total: 10.324200 ms (FindLiveObjects: 0.844200 ms CreateObjectMapping: 1.341900 ms MarkObjects: 8.104400 ms  DeleteObjects: 0.028700 ms)

========================================================================
Received Prepare
Registering precompiled user dll's ...
Registered in 0.013959 seconds.
Begin MonoManager ReloadAssembly
Native extension for WindowsStandalone target not found
Refreshing native plugins compatible for Editor in 0.73 ms, found 1 plugins.
Preloading 0 native plugins for Editor in 0.00 ms.
Invoked RoslynAnalysisRunner static constructor.
RoslynAnalysisRunner will not be running.
RoslynAnalysisRunner has terminated.
Mono: successfully reloaded assembly
- Completed reload, in  3.625 seconds
Platform modules already initialized, skipping
Refreshing native plugins compatible for Editor in 1.27 ms, found 1 plugins.
Preloading 0 native plugins for Editor in 0.00 ms.
Unloading 2819 Unused Serialized files (Serialized files now loaded: 0)
System memory in use before: 128.0 MB.
System memory in use after: 128.2 MB.

Unloading 9 unused Assets to reduce memory usage. Loaded Objects now: 3430.
Total: 5.514000 ms (FindLiveObjects: 1.033200 ms CreateObjectMapping: 0.951800 ms MarkObjects: 3.496700 ms  DeleteObjects: 0.030200 ms)

========================================================================
Received Import Request.
  Time since last request: 256.201216 seconds.
  path: Assets/Scripts/UI_Above_Object.cs
  artifactKey: Guid(62918eb2f4c1a4b40b7710a78bab3cd0) Importer(815301076,1909f56bfc062723c751e8b465ee728b)
Start importing Assets/Scripts/UI_Above_Object.cs using Guid(62918eb2f4c1a4b40b7710a78bab3cd0) Importer(815301076,1909f56bfc062723c751e8b465ee728b)  -> (artifact id: 'b8f1f977800673a2bfb2b5604b79eae0') in 0.022961 seconds
  Import took 0.031432 seconds .

========================================================================
Received Prepare
Registering precompiled user dll's ...
Registered in 0.012036 seconds.
Begin MonoManager ReloadAssembly
Native extension for WindowsStandalone target not found
Refreshing native plugins compatible for Editor in 7.14 ms, found 1 plugins.
Preloading 0 native plugins for Editor in 0.00 ms.
Invoked RoslynAnalysisRunner static constructor.
RoslynAnalysisRunner will not be running.
RoslynAnalysisRunner has terminated.
Mono: successfully reloaded assembly
- Completed reload, in  3.351 seconds
Platform modules already initialized, skipping
Refreshing native plugins compatible for Editor in 2.50 ms, found 1 plugins.
Preloading 0 native plugins for Editor in 0.00 ms.
Unloading 2819 Unused Serialized files (Serialized files now loaded: 0)
System memory in use before: 128.0 MB.
System memory in use after: 128.2 MB.

Unloading 9 unused Assets to reduce memory usage. Loaded Objects now: 3433.
Total: 7.413800 ms (FindLiveObjects: 0.370400 ms CreateObjectMapping: 0.147100 ms MarkObjects: 6.819900 ms  DeleteObjects: 0.073300 ms)

========================================================================
Received Import Request.
  Time since last request: 30.770199 seconds.
  path: Assets/Scripts/UI_Above_Object.cs
  artifactKey: Guid(62918eb2f4c1a4b40b7710a78bab3cd0) Importer(815301076,1909f56bfc062723c751e8b465ee728b)
Start importing Assets/Scripts/UI_Above_Object.cs using Guid(62918eb2f4c1a4b40b7710a78bab3cd0) Importer(815301076,1909f56bfc062723c751e8b465ee728b)  -> (artifact id: '00000000000000000000000000000000') in 0.001743 seconds
  ERROR: Build asset version error: assets/scripts/ui_above_object.cs in SourceAssetDB has modification time of '2021-04-23T02:50:04.8221668Z' while content on disk has modification time of '2021-04-23T02:50:21.3691726Z'
  Import took 0.015569 seconds .

========================================================================
Received Import Request.
  Time since last request: 0.117789 seconds.
  path: Assets/Scripts/UI_Above_Object.cs
  artifactKey: Guid(62918eb2f4c1a4b40b7710a78bab3cd0) Importer(815301076,1909f56bfc062723c751e8b465ee728b)
Start importing Assets/Scripts/UI_Above_Object.cs using Guid(62918eb2f4c1a4b40b7710a78bab3cd0) Importer(815301076,1909f56bfc062723c751e8b465ee728b)  -> (artifact id: '00000000000000000000000000000000') in 0.000614 seconds
  ERROR: Build asset version error: assets/scripts/ui_above_object.cs in SourceAssetDB has modification time of '2021-04-23T02:50:04.8221668Z' while content on disk has modification time of '2021-04-23T02:50:21.3691726Z'
  Import took 0.010820 seconds .

========================================================================
Received Import Request.
  Time since last request: 0.119026 seconds.
  path: Assets/Scripts/UI_Above_Object.cs
  artifactKey: Guid(62918eb2f4c1a4b40b7710a78bab3cd0) Importer(815301076,1909f56bfc062723c751e8b465ee728b)
Start importing Assets/Scripts/UI_Above_Object.cs using Guid(62918eb2f4c1a4b40b7710a78bab3cd0) Importer(815301076,1909f56bfc062723c751e8b465ee728b)  -> (artifact id: '00000000000000000000000000000000') in 0.003642 seconds
  ERROR: Build asset version error: assets/scripts/ui_above_object.cs in SourceAssetDB has modification time of '2021-04-23T02:50:04.8221668Z' while content on disk has modification time of '2021-04-23T02:50:21.3691726Z'
  Import took 0.021654 seconds .

========================================================================
Received Import Request.
  Time since last request: 0.119633 seconds.
  path: Assets/Scripts/UI_Above_Object.cs
  artifactKey: Guid(62918eb2f4c1a4b40b7710a78bab3cd0) Importer(815301076,1909f56bfc062723c751e8b465ee728b)
Start importing Assets/Scripts/UI_Above_Object.cs using Guid(62918eb2f4c1a4b40b7710a78bab3cd0) Importer(815301076,1909f56bfc062723c751e8b465ee728b)  -> (artifact id: '00000000000000000000000000000000') in 0.001077 seconds
  ERROR: Build asset version error: assets/scripts/ui_above_object.cs in SourceAssetDB has modification time of '2021-04-23T02:50:04.8221668Z' while content on disk has modification time of '2021-04-23T02:50:21.3691726Z'
  Import took 0.012459 seconds .

========================================================================
Received Import Request.
  Time since last request: 0.031142 seconds.
  path: Assets/Scripts/UI_Above_Object.cs
  artifactKey: Guid(62918eb2f4c1a4b40b7710a78bab3cd0) Importer(815301076,1909f56bfc062723c751e8b465ee728b)
Start importing Assets/Scripts/UI_Above_Object.cs using Guid(62918eb2f4c1a4b40b7710a78bab3cd0) Importer(815301076,1909f56bfc062723c751e8b465ee728b)  -> (artifact id: '00000000000000000000000000000000') in 0.000534 seconds
  ERROR: Build asset version error: assets/scripts/ui_above_object.cs in SourceAssetDB has modification time of '2021-04-23T02:50:04.8221668Z' while content on disk has modification time of '2021-04-23T02:50:21.3691726Z'
  Import took 0.008430 seconds .

========================================================================
Received Import Request.
  Time since last request: 0.036783 seconds.
  path: Assets/Scripts/UI_Above_Object.cs
  artifactKey: Guid(62918eb2f4c1a4b40b7710a78bab3cd0) Importer(815301076,1909f56bfc062723c751e8b465ee728b)
Start importing Assets/Scripts/UI_Above_Object.cs using Guid(62918eb2f4c1a4b40b7710a78bab3cd0) Importer(815301076,1909f56bfc062723c751e8b465ee728b)  -> (artifact id: '00000000000000000000000000000000') in 0.002642 seconds
  ERROR: Build asset version error: assets/scripts/ui_above_object.cs in SourceAssetDB has modification time of '2021-04-23T02:50:04.8221668Z' while content on disk has modification time of '2021-04-23T02:50:21.3691726Z'
  Import took 0.015255 seconds .

========================================================================
Received Import Request.
  Time since last request: 0.124600 seconds.
  path: Assets/Scripts/UI_Above_Object.cs
  artifactKey: Guid(62918eb2f4c1a4b40b7710a78bab3cd0) Importer(815301076,1909f56bfc062723c751e8b465ee728b)
Start importing Assets/Scripts/UI_Above_Object.cs using Guid(62918eb2f4c1a4b40b7710a78bab3cd0) Importer(815301076,1909f56bfc062723c751e8b465ee728b)  -> (artifact id: '00000000000000000000000000000000') in 0.000585 seconds
  ERROR: Build asset version error: assets/scripts/ui_above_object.cs in SourceAssetDB has modification time of '2021-04-23T02:50:04.8221668Z' while content on disk has modification time of '2021-04-23T02:50:21.3691726Z'
  Import took 0.013415 seconds .

========================================================================
Received Import Request.
  Time since last request: 0.050179 seconds.
  path: Assets/Scripts/UI_Above_Object.cs
  artifactKey: Guid(62918eb2f4c1a4b40b7710a78bab3cd0) Importer(815301076,1909f56bfc062723c751e8b465ee728b)
Start importing Assets/Scripts/UI_Above_Object.cs using Guid(62918eb2f4c1a4b40b7710a78bab3cd0) Importer(815301076,1909f56bfc062723c751e8b465ee728b)  -> (artifact id: '00000000000000000000000000000000') in 0.000815 seconds
  ERROR: Build asset version error: assets/scripts/ui_above_object.cs in SourceAssetDB has modification time of '2021-04-23T02:50:04.8221668Z' while content on disk has modification time of '2021-04-23T02:50:21.3691726Z'
  Import took 0.008842 seconds .

========================================================================
Received Import Request.
  Time since last request: 0.124544 seconds.
  path: Assets/Scripts/UI_Above_Object.cs
  artifactKey: Guid(62918eb2f4c1a4b40b7710a78bab3cd0) Importer(815301076,1909f56bfc062723c751e8b465ee728b)
Start importing Assets/Scripts/UI_Above_Object.cs using Guid(62918eb2f4c1a4b40b7710a78bab3cd0) Importer(815301076,1909f56bfc062723c751e8b465ee728b)  -> (artifact id: '00000000000000000000000000000000') in 0.001552 seconds
  ERROR: Build asset version error: assets/scripts/ui_above_object.cs in SourceAssetDB has modification time of '2021-04-23T02:50:04.8221668Z' while content on disk has modification time of '2021-04-23T02:50:21.3691726Z'
  Import took 0.019974 seconds .

========================================================================
Received Import Request.
  Time since last request: 0.147791 seconds.
  path: Assets/Scripts/UI_Above_Object.cs
  artifactKey: Guid(62918eb2f4c1a4b40b7710a78bab3cd0) Importer(815301076,1909f56bfc062723c751e8b465ee728b)
Start importing Assets/Scripts/UI_Above_Object.cs using Guid(62918eb2f4c1a4b40b7710a78bab3cd0) Importer(815301076,1909f56bfc062723c751e8b465ee728b)  -> (artifact id: '00000000000000000000000000000000') in 0.003909 seconds
  ERROR: Build asset version error: assets/scripts/ui_above_object.cs in SourceAssetDB has modification time of '2021-04-23T02:50:04.8221668Z' while content on disk has modification time of '2021-04-23T02:50:21.3691726Z'
  Import took 0.016632 seconds .

========================================================================
Received Import Request.
  Time since last request: 0.141947 seconds.
  path: Assets/Scripts/UI_Above_Object.cs
  artifactKey: Guid(62918eb2f4c1a4b40b7710a78bab3cd0) Importer(815301076,1909f56bfc062723c751e8b465ee728b)
Start importing Assets/Scripts/UI_Above_Object.cs using Guid(62918eb2f4c1a4b40b7710a78bab3cd0) Importer(815301076,1909f56bfc062723c751e8b465ee728b)  -> (artifact id: '00000000000000000000000000000000') in 0.001095 seconds
  ERROR: Build asset version error: assets/scripts/ui_above_object.cs in SourceAssetDB has modification time of '2021-04-23T02:50:04.8221668Z' while content on disk has modification time of '2021-04-23T02:50:21.3691726Z'
  Import took 0.012297 seconds .

========================================================================
Received Import Request.
  Time since last request: 0.134401 seconds.
  path: Assets/Scripts/UI_Above_Object.cs
  artifactKey: Guid(62918eb2f4c1a4b40b7710a78bab3cd0) Importer(815301076,1909f56bfc062723c751e8b465ee728b)
Start importing Assets/Scripts/UI_Above_Object.cs using Guid(62918eb2f4c1a4b40b7710a78bab3cd0) Importer(815301076,1909f56bfc062723c751e8b465ee728b)  -> (artifact id: '00000000000000000000000000000000') in 0.001109 seconds
  ERROR: Build asset version error: assets/scripts/ui_above_object.cs in SourceAssetDB has modification time of '2021-04-23T02:50:04.8221668Z' while content on disk has modification time of '2021-04-23T02:50:21.3691726Z'
  Import took 0.013920 seconds .

========================================================================
Received Import Request.
  Time since last request: 0.111540 seconds.
  path: Assets/Scripts/UI_Above_Object.cs
  artifactKey: Guid(62918eb2f4c1a4b40b7710a78bab3cd0) Importer(815301076,1909f56bfc062723c751e8b465ee728b)
Start importing Assets/Scripts/UI_Above_Object.cs using Guid(62918eb2f4c1a4b40b7710a78bab3cd0) Importer(815301076,1909f56bfc062723c751e8b465ee728b)  -> (artifact id: '00000000000000000000000000000000') in 0.000909 seconds
  ERROR: Build asset version error: assets/scripts/ui_above_object.cs in SourceAssetDB has modification time of '2021-04-23T02:50:04.8221668Z' while content on disk has modification time of '2021-04-23T02:50:21.3691726Z'
  Import took 0.014492 seconds .

========================================================================
Received Import Request.
  Time since last request: 0.032162 seconds.
  path: Assets/Scripts/UI_Above_Object.cs
  artifactKey: Guid(62918eb2f4c1a4b40b7710a78bab3cd0) Importer(815301076,1909f56bfc062723c751e8b465ee728b)
Start importing Assets/Scripts/UI_Above_Object.cs using Guid(62918eb2f4c1a4b40b7710a78bab3cd0) Importer(815301076,1909f56bfc062723c751e8b465ee728b)  -> (artifact id: '00000000000000000000000000000000') in 0.000588 seconds
  ERROR: Build asset version error: assets/scripts/ui_above_object.cs in SourceAssetDB has modification time of '2021-04-23T02:50:04.8221668Z' while content on disk has modification time of '2021-04-23T02:50:21.3691726Z'
  Import took 0.011022 seconds .

========================================================================
Received Import Request.
  Time since last request: 0.118028 seconds.
  path: Assets/Scripts/UI_Above_Object.cs
  artifactKey: Guid(62918eb2f4c1a4b40b7710a78bab3cd0) Importer(815301076,1909f56bfc062723c751e8b465ee728b)
Start importing Assets/Scripts/UI_Above_Object.cs using Guid(62918eb2f4c1a4b40b7710a78bab3cd0) Importer(815301076,1909f56bfc062723c751e8b465ee728b)  -> (artifact id: 'c8b6eb56efc73b46fbe28ba1408eb5b6') in 0.023778 seconds
  Import took 0.033167 seconds .

========================================================================
Received Prepare
Registering precompiled user dll's ...
Registered in 0.016928 seconds.
Begin MonoManager ReloadAssembly
Native extension for WindowsStandalone target not found
Refreshing native plugins compatible for Editor in 1.68 ms, found 1 plugins.
Preloading 0 native plugins for Editor in 0.00 ms.
Invoked RoslynAnalysisRunner static constructor.
RoslynAnalysisRunner will not be running.
RoslynAnalysisRunner has terminated.
Mono: successfully reloaded assembly
- Completed reload, in  2.257 seconds
Platform modules already initialized, skipping
Refreshing native plugins compatible for Editor in 0.97 ms, found 1 plugins.
Preloading 0 native plugins for Editor in 0.00 ms.
Unloading 2819 Unused Serialized files (Serialized files now loaded: 0)
System memory in use before: 128.0 MB.
System memory in use after: 128.2 MB.

Unloading 9 unused Assets to reduce memory usage. Loaded Objects now: 3436.
Total: 6.987100 ms (FindLiveObjects: 0.470400 ms CreateObjectMapping: 0.300000 ms MarkObjects: 6.186800 ms  DeleteObjects: 0.027200 ms)

========================================================================
Received Prepare
Registering precompiled user dll's ...
Registered in 0.013515 seconds.
Begin MonoManager ReloadAssembly
Native extension for WindowsStandalone target not found
Refreshing native plugins compatible for Editor in 2.56 ms, found 1 plugins.
Preloading 0 native plugins for Editor in 0.00 ms.
Invoked RoslynAnalysisRunner static constructor.
RoslynAnalysisRunner will not be running.
RoslynAnalysisRunner has terminated.
Mono: successfully reloaded assembly
- Completed reload, in  3.273 seconds
Platform modules already initialized, skipping
Refreshing native plugins compatible for Editor in 2.17 ms, found 1 plugins.
Preloading 0 native plugins for Editor in 0.00 ms.
Unloading 2819 Unused Serialized files (Serialized files now loaded: 0)
System memory in use before: 128.0 MB.
System memory in use after: 128.2 MB.

Unloading 9 unused Assets to reduce memory usage. Loaded Objects now: 3439.
Total: 5.063900 ms (FindLiveObjects: 0.625800 ms CreateObjectMapping: 0.475100 ms MarkObjects: 3.932700 ms  DeleteObjects: 0.027200 ms)

========================================================================
Received Prepare
Registering precompiled user dll's ...
Registered in 0.012197 seconds.
Begin MonoManager ReloadAssembly
Native extension for WindowsStandalone target not found
Refreshing native plugins compatible for Editor in 1.20 ms, found 1 plugins.
Preloading 0 native plugins for Editor in 0.00 ms.
Invoked RoslynAnalysisRunner static constructor.
RoslynAnalysisRunner will not be running.
RoslynAnalysisRunner has terminated.
Mono: successfully reloaded assembly
- Completed reload, in  4.622 seconds
Platform modules already initialized, skipping
Refreshing native plugins compatible for Editor in 1.37 ms, found 1 plugins.
Preloading 0 native plugins for Editor in 0.00 ms.
Unloading 2818 Unused Serialized files (Serialized files now loaded: 0)
System memory in use before: 128.0 MB.
System memory in use after: 128.2 MB.

Unloading 10 unused Assets to reduce memory usage. Loaded Objects now: 3441.
Total: 8.630000 ms (FindLiveObjects: 0.473900 ms CreateObjectMapping: 0.334200 ms MarkObjects: 7.786800 ms  DeleteObjects: 0.032400 ms)

========================================================================
Received Prepare
Registering precompiled user dll's ...
Registered in 0.008644 seconds.
Begin MonoManager ReloadAssembly
Native extension for WindowsStandalone target not found
Refreshing native plugins compatible for Editor in 1.06 ms, found 1 plugins.
Preloading 0 native plugins for Editor in 0.00 ms.
Invoked RoslynAnalysisRunner static constructor.
RoslynAnalysisRunner will not be running.
RoslynAnalysisRunner has terminated.
Mono: successfully reloaded assembly
- Completed reload, in  1.857 seconds
Platform modules already initialized, skipping
Refreshing native plugins compatible for Editor in 1.32 ms, found 1 plugins.
Preloading 0 native plugins for Editor in 0.00 ms.
Unloading 2818 Unused Serialized files (Serialized files now loaded: 0)
System memory in use before: 128.0 MB.
System memory in use after: 128.2 MB.

Unloading 9 unused Assets to reduce memory usage. Loaded Objects now: 3444.
Total: 6.670100 ms (FindLiveObjects: 2.268300 ms CreateObjectMapping: 1.282100 ms MarkObjects: 3.090000 ms  DeleteObjects: 0.025600 ms)

========================================================================
Received Prepare
Registering precompiled user dll's ...
Registered in 0.012771 seconds.
Begin MonoManager ReloadAssembly
Native extension for WindowsStandalone target not found
Refreshing native plugins compatible for Editor in 1.37 ms, found 1 plugins.
Preloading 0 native plugins for Editor in 0.00 ms.
Invoked RoslynAnalysisRunner static constructor.
RoslynAnalysisRunner will not be running.
RoslynAnalysisRunner has terminated.
Mono: successfully reloaded assembly
- Completed reload, in  3.505 seconds
Platform modules already initialized, skipping
Refreshing native plugins compatible for Editor in 2.47 ms, found 1 plugins.
Preloading 0 native plugins for Editor in 0.00 ms.
Unloading 2818 Unused Serialized files (Serialized files now loaded: 0)
System memory in use before: 128.0 MB.
System memory in use after: 128.2 MB.

Unloading 9 unused Assets to reduce memory usage. Loaded Objects now: 3447.
Total: 19.230800 ms (FindLiveObjects: 9.045200 ms CreateObjectMapping: 3.187800 ms MarkObjects: 6.966000 ms  DeleteObjects: 0.029100 ms)

========================================================================
Received Prepare
Registering precompiled user dll's ...
Registered in 0.014633 seconds.
Begin MonoManager ReloadAssembly
Native extension for WindowsStandalone target not found
Refreshing native plugins compatible for Editor in 1.25 ms, found 1 plugins.
Preloading 0 native plugins for Editor in 0.00 ms.
Invoked RoslynAnalysisRunner static constructor.
RoslynAnalysisRunner will not be running.
RoslynAnalysisRunner has terminated.
Mono: successfully reloaded assembly
- Completed reload, in  1.878 seconds
Platform modules already initialized, skipping
Refreshing native plugins compatible for Editor in 0.67 ms, found 1 plugins.
Preloading 0 native plugins for Editor in 0.00 ms.
Unloading 2818 Unused Serialized files (Serialized files now loaded: 0)
System memory in use before: 128.0 MB.
System memory in use after: 128.2 MB.

Unloading 9 unused Assets to reduce memory usage. Loaded Objects now: 3450.
Total: 4.075500 ms (FindLiveObjects: 0.831100 ms CreateObjectMapping: 0.331700 ms MarkObjects: 2.879500 ms  DeleteObjects: 0.030000 ms)

========================================================================
Received Prepare
Registering precompiled user dll's ...
Registered in 0.012384 seconds.
Begin MonoManager ReloadAssembly
Native extension for WindowsStandalone target not found
Refreshing native plugins compatible for Editor in 0.71 ms, found 1 plugins.
Preloading 0 native plugins for Editor in 0.00 ms.
Invoked RoslynAnalysisRunner static constructor.
RoslynAnalysisRunner will not be running.
RoslynAnalysisRunner has terminated.
Mono: successfully reloaded assembly
- Completed reload, in  2.023 seconds
Platform modules already initialized, skipping
Refreshing native plugins compatible for Editor in 0.70 ms, found 1 plugins.
Preloading 0 native plugins for Editor in 0.00 ms.
Unloading 2818 Unused Serialized files (Serialized files now loaded: 0)
System memory in use before: 128.0 MB.
System memory in use after: 128.2 MB.

Unloading 9 unused Assets to reduce memory usage. Loaded Objects now: 3453.
Total: 3.885300 ms (FindLiveObjects: 1.377100 ms CreateObjectMapping: 0.305100 ms MarkObjects: 2.175500 ms  DeleteObjects: 0.025700 ms)

========================================================================
Received Prepare
Registering precompiled user dll's ...
Registered in 0.013372 seconds.
Begin MonoManager ReloadAssembly
Native extension for WindowsStandalone target not found
Refreshing native plugins compatible for Editor in 4.49 ms, found 1 plugins.
Preloading 0 native plugins for Editor in 0.00 ms.
Invoked RoslynAnalysisRunner static constructor.
RoslynAnalysisRunner will not be running.
RoslynAnalysisRunner has terminated.
Mono: successfully reloaded assembly
- Completed reload, in  3.050 seconds
Platform modules already initialized, skipping
Refreshing native plugins compatible for Editor in 3.26 ms, found 1 plugins.
Preloading 0 native plugins for Editor in 0.00 ms.
Unloading 2818 Unused Serialized files (Serialized files now loaded: 0)
System memory in use before: 128.0 MB.
System memory in use after: 128.2 MB.

Unloading 9 unused Assets to reduce memory usage. Loaded Objects now: 3456.
Total: 14.828300 ms (FindLiveObjects: 2.159700 ms CreateObjectMapping: 2.432600 ms MarkObjects: 10.185900 ms  DeleteObjects: 0.046900 ms)

========================================================================
Received Prepare
Registering precompiled user dll's ...
Registered in 0.006631 seconds.
Begin MonoManager ReloadAssembly
Native extension for WindowsStandalone target not found
Refreshing native plugins compatible for Editor in 2.26 ms, found 1 plugins.
Preloading 0 native plugins for Editor in 0.00 ms.
Invoked RoslynAnalysisRunner static constructor.
RoslynAnalysisRunner will not be running.
RoslynAnalysisRunner has terminated.
Mono: successfully reloaded assembly
- Completed reload, in  1.908 seconds
Platform modules already initialized, skipping
Refreshing native plugins compatible for Editor in 0.67 ms, found 1 plugins.
Preloading 0 native plugins for Editor in 0.00 ms.
Unloading 2818 Unused Serialized files (Serialized files now loaded: 0)
System memory in use before: 128.0 MB.
System memory in use after: 128.3 MB.

Unloading 9 unused Assets to reduce memory usage. Loaded Objects now: 3459.
Total: 3.408900 ms (FindLiveObjects: 0.435400 ms CreateObjectMapping: 0.293900 ms MarkObjects: 2.406700 ms  DeleteObjects: 0.270400 ms)

========================================================================
Received Prepare
Registering precompiled user dll's ...
Registered in 0.012873 seconds.
Begin MonoManager ReloadAssembly
Native extension for WindowsStandalone target not found
Refreshing native plugins compatible for Editor in 1.70 ms, found 1 plugins.
Preloading 0 native plugins for Editor in 0.00 ms.
Invoked RoslynAnalysisRunner static constructor.
RoslynAnalysisRunner will not be running.
RoslynAnalysisRunner has terminated.
Mono: successfully reloaded assembly
- Completed reload, in  3.456 seconds
Platform modules already initialized, skipping
Refreshing native plugins compatible for Editor in 0.93 ms, found 1 plugins.
Preloading 0 native plugins for Editor in 0.00 ms.
Unloading 2818 Unused Serialized files (Serialized files now loaded: 0)
System memory in use before: 128.0 MB.
System memory in use after: 128.3 MB.

Unloading 9 unused Assets to reduce memory usage. Loaded Objects now: 3462.
Total: 6.360400 ms (FindLiveObjects: 0.918100 ms CreateObjectMapping: 1.526600 ms MarkObjects: 3.832900 ms  DeleteObjects: 0.079600 ms)

========================================================================
Received Prepare
Registering precompiled user dll's ...
Registered in 0.004868 seconds.
Begin MonoManager ReloadAssembly
Native extension for WindowsStandalone target not found
Refreshing native plugins compatible for Editor in 0.72 ms, found 1 plugins.
Preloading 0 native plugins for Editor in 0.00 ms.
Invoked RoslynAnalysisRunner static constructor.
RoslynAnalysisRunner will not be running.
RoslynAnalysisRunner has terminated.
Mono: successfully reloaded assembly
- Completed reload, in  1.648 seconds
Platform modules already initialized, skipping
Refreshing native plugins compatible for Editor in 0.87 ms, found 1 plugins.
Preloading 0 native plugins for Editor in 0.00 ms.
Unloading 2818 Unused Serialized files (Serialized files now loaded: 0)
System memory in use before: 128.0 MB.
System memory in use after: 128.3 MB.

Unloading 9 unused Assets to reduce memory usage. Loaded Objects now: 3465.
Total: 5.330600 ms (FindLiveObjects: 0.521500 ms CreateObjectMapping: 0.336000 ms MarkObjects: 4.446200 ms  DeleteObjects: 0.024200 ms)

========================================================================
Received Prepare
Registering precompiled user dll's ...
Registered in 0.005534 seconds.
Begin MonoManager ReloadAssembly
Native extension for WindowsStandalone target not found
Refreshing native plugins compatible for Editor in 0.72 ms, found 1 plugins.
Preloading 0 native plugins for Editor in 0.00 ms.
Invoked RoslynAnalysisRunner static constructor.
RoslynAnalysisRunner will not be running.
RoslynAnalysisRunner has terminated.
Mono: successfully reloaded assembly
- Completed reload, in  1.698 seconds
Platform modules already initialized, skipping
Refreshing native plugins compatible for Editor in 0.89 ms, found 1 plugins.
Preloading 0 native plugins for Editor in 0.00 ms.
Unloading 2818 Unused Serialized files (Serialized files now loaded: 0)
System memory in use before: 128.0 MB.
System memory in use after: 128.3 MB.

Unloading 9 unused Assets to reduce memory usage. Loaded Objects now: 3468.
Total: 4.276700 ms (FindLiveObjects: 1.152800 ms CreateObjectMapping: 0.419600 ms MarkObjects: 2.673100 ms  DeleteObjects: 0.026500 ms)

========================================================================
Received Prepare
Registering precompiled user dll's ...
Registered in 0.007153 seconds.
Begin MonoManager ReloadAssembly
Native extension for WindowsStandalone target not found
Refreshing native plugins compatible for Editor in 0.71 ms, found 1 plugins.
Preloading 0 native plugins for Editor in 0.00 ms.
Invoked RoslynAnalysisRunner static constructor.
RoslynAnalysisRunner will not be running.
RoslynAnalysisRunner has terminated.
Mono: successfully reloaded assembly
- Completed reload, in  1.842 seconds
Platform modules already initialized, skipping
Refreshing native plugins compatible for Editor in 0.68 ms, found 1 plugins.
Preloading 0 native plugins for Editor in 0.00 ms.
Unloading 2818 Unused Serialized files (Serialized files now loaded: 0)
System memory in use before: 128.0 MB.
System memory in use after: 128.3 MB.

Unloading 9 unused Assets to reduce memory usage. Loaded Objects now: 3471.
Total: 3.252000 ms (FindLiveObjects: 0.467100 ms CreateObjectMapping: 0.311700 ms MarkObjects: 2.449700 ms  DeleteObjects: 0.021700 ms)

========================================================================
Received Prepare
Registering precompiled user dll's ...
Registered in 0.015437 seconds.
Begin MonoManager ReloadAssembly
Native extension for WindowsStandalone target not found
Refreshing native plugins compatible for Editor in 5.86 ms, found 1 plugins.
Preloading 0 native plugins for Editor in 0.00 ms.
Invoked RoslynAnalysisRunner static constructor.
RoslynAnalysisRunner will not be running.
RoslynAnalysisRunner has terminated.
Mono: successfully reloaded assembly
- Completed reload, in  3.562 seconds
Platform modules already initialized, skipping
Refreshing native plugins compatible for Editor in 2.05 ms, found 1 plugins.
Preloading 0 native plugins for Editor in 0.00 ms.
Unloading 2818 Unused Serialized files (Serialized files now loaded: 0)
System memory in use before: 128.1 MB.
System memory in use after: 128.3 MB.

Unloading 9 unused Assets to reduce memory usage. Loaded Objects now: 3474.
Total: 8.963700 ms (FindLiveObjects: 1.305100 ms CreateObjectMapping: 0.590400 ms MarkObjects: 7.038200 ms  DeleteObjects: 0.027800 ms)

========================================================================
Received Prepare
Registering precompiled user dll's ...
Registered in 0.021990 seconds.
Begin MonoManager ReloadAssembly
Native extension for WindowsStandalone target not found
Refreshing native plugins compatible for Editor in 1.36 ms, found 1 plugins.
Preloading 0 native plugins for Editor in 0.00 ms.
Invoked RoslynAnalysisRunner static constructor.
RoslynAnalysisRunner will not be running.
RoslynAnalysisRunner has terminated.
Mono: successfully reloaded assembly
- Completed reload, in  3.142 seconds
Platform modules already initialized, skipping
Refreshing native plugins compatible for Editor in 2.95 ms, found 1 plugins.
Preloading 0 native plugins for Editor in 0.00 ms.
Unloading 2818 Unused Serialized files (Serialized files now loaded: 0)
System memory in use before: 128.0 MB.
System memory in use after: 128.3 MB.

Unloading 9 unused Assets to reduce memory usage. Loaded Objects now: 3477.
Total: 8.170900 ms (FindLiveObjects: 1.201500 ms CreateObjectMapping: 0.892200 ms MarkObjects: 6.047400 ms  DeleteObjects: 0.026700 ms)

========================================================================
Received Prepare
Registering precompiled user dll's ...
Registered in 0.012608 seconds.
Begin MonoManager ReloadAssembly
Native extension for WindowsStandalone target not found
Refreshing native plugins compatible for Editor in 0.75 ms, found 1 plugins.
Preloading 0 native plugins for Editor in 0.00 ms.
Invoked RoslynAnalysisRunner static constructor.
RoslynAnalysisRunner will not be running.
RoslynAnalysisRunner has terminated.
Mono: successfully reloaded assembly
- Completed reload, in  3.856 seconds
Platform modules already initialized, skipping
Refreshing native plugins compatible for Editor in 1.00 ms, found 1 plugins.
Preloading 0 native plugins for Editor in 0.00 ms.
Unloading 2818 Unused Serialized files (Serialized files now loaded: 0)
System memory in use before: 128.1 MB.
System memory in use after: 128.3 MB.

Unloading 9 unused Assets to reduce memory usage. Loaded Objects now: 3480.
Total: 12.354200 ms (FindLiveObjects: 3.183900 ms CreateObjectMapping: 4.632200 ms MarkObjects: 4.499600 ms  DeleteObjects: 0.036000 ms)

========================================================================
Received Prepare
Registering precompiled user dll's ...
Registered in 0.009828 seconds.
Begin MonoManager ReloadAssembly
Native extension for WindowsStandalone target not found
Refreshing native plugins compatible for Editor in 5.27 ms, found 1 plugins.
Preloading 0 native plugins for Editor in 0.00 ms.
Invoked RoslynAnalysisRunner static constructor.
RoslynAnalysisRunner will not be running.
RoslynAnalysisRunner has terminated.
Mono: successfully reloaded assembly
- Completed reload, in  2.835 seconds
Platform modules already initialized, skipping
Refreshing native plugins compatible for Editor in 0.73 ms, found 1 plugins.
Preloading 0 native plugins for Editor in 0.00 ms.
Unloading 2818 Unused Serialized files (Serialized files now loaded: 0)
System memory in use before: 128.1 MB.
System memory in use after: 128.3 MB.

Unloading 9 unused Assets to reduce memory usage. Loaded Objects now: 3483.
Total: 16.123300 ms (FindLiveObjects: 2.123000 ms CreateObjectMapping: 0.469900 ms MarkObjects: 13.465300 ms  DeleteObjects: 0.060800 ms)

========================================================================
Received Prepare
Registering precompiled user dll's ...
Registered in 0.007329 seconds.
Begin MonoManager ReloadAssembly
Native extension for WindowsStandalone target not found
Refreshing native plugins compatible for Editor in 0.68 ms, found 1 plugins.
Preloading 0 native plugins for Editor in 0.00 ms.
Invoked RoslynAnalysisRunner static constructor.
RoslynAnalysisRunner will not be running.
RoslynAnalysisRunner has terminated.
Mono: successfully reloaded assembly
- Completed reload, in  1.599 seconds
Platform modules already initialized, skipping
Refreshing native plugins compatible for Editor in 1.19 ms, found 1 plugins.
Preloading 0 native plugins for Editor in 0.00 ms.
Unloading 2818 Unused Serialized files (Serialized files now loaded: 0)
System memory in use before: 128.1 MB.
System memory in use after: 128.3 MB.

Unloading 9 unused Assets to reduce memory usage. Loaded Objects now: 3486.
Total: 6.641200 ms (FindLiveObjects: 0.359300 ms CreateObjectMapping: 0.143900 ms MarkObjects: 6.076300 ms  DeleteObjects: 0.059100 ms)

========================================================================
Received Prepare
Registering precompiled user dll's ...
Registered in 0.008916 seconds.
Begin MonoManager ReloadAssembly
Native extension for WindowsStandalone target not found
Refreshing native plugins compatible for Editor in 2.57 ms, found 1 plugins.
Preloading 0 native plugins for Editor in 0.00 ms.
Invoked RoslynAnalysisRunner static constructor.
RoslynAnalysisRunner will not be running.
RoslynAnalysisRunner has terminated.
Mono: successfully reloaded assembly
- Completed reload, in  3.502 seconds
Platform modules already initialized, skipping
Refreshing native plugins compatible for Editor in 2.30 ms, found 1 plugins.
Preloading 0 native plugins for Editor in 0.00 ms.
Unloading 2818 Unused Serialized files (Serialized files now loaded: 0)
System memory in use before: 128.1 MB.
System memory in use after: 128.3 MB.

Unloading 9 unused Assets to reduce memory usage. Loaded Objects now: 3489.
Total: 21.149600 ms (FindLiveObjects: 3.749800 ms CreateObjectMapping: 5.854900 ms MarkObjects: 11.515200 ms  DeleteObjects: 0.027200 ms)

